20-05-2025 22:09:45.734 [Gauge] [INFO] Initializing concepts cache with 0 concepts
20-05-2025 22:09:45.753 [Gauge] [INFO] Initializing specs cache with 1 specs
20-05-2025 22:09:45.753 [Gauge] [DEBUG] Adding specs from d:\DST2024\Semester 2\Agile\bddgauge\specs\example.spec
20-05-2025 22:09:45.754 [Gauge] [INFO] Initializing steps cache with 1 steps
20-05-2025 22:09:45.754 [Gauge] [DEBUG] Watching directory: d:\DST2024\Semester 2\Agile\bddgauge\specs
20-05-2025 22:09:45.754 [Gauge] [DEBUG] Found 1 files
20-05-2025 22:09:45.754 [Gauge] [INFO] Starting language runner
20-05-2025 22:09:45.771 [java] [DEBUG] ***** Printing Properties/Env Values *****
20-05-2025 22:09:45.772 [java] [DEBUG] PATH: C:\Program Files\Eclipse Adoptium\jdk-17.0.14.7-hotspot\bin;C:\Program Files\Eclipse Adoptium\jdk-21.0.6.7-hotspot\bin;C:\Windows\system32;C:\Windows;C:\Windows\System32\Wbem;C:\Windows\System32\WindowsPowerShell\v1.0\;C:\Windows\System32\OpenSSH\;C:\Program Files (x86)\NVIDIA Corporation\PhysX\Common;C:\Program Files\NVIDIA Corporation\NVIDIA NvDLISR;C:\Program Files (x86)\Windows Kits\10\Windows Performance Toolkit\;C:\Program Files\nodejs\;C:\Program Files\Git\cmd;C:\Program Files\Vagrant\bin;C:\Program Files\Docker\Docker\resources\bin;C:\Program Files\k6\;C:\WINDOWS\system32;C:\WINDOWS;C:\WINDOWS\System32\Wbem;C:\WINDOWS\System32\WindowsPowerShell\v1.0\;C:\WINDOWS\System32\OpenSSH\;C:\Program Files (x86)\Pulse Secure\VC142.CRT\X64\;C:\Program Files (x86)\Pulse Secure\VC142.CRT\X86\;C:\Program Files (x86)\Common Files\Pulse Secure\TNC Client Plugin\;C:\Program Files\Gauge\bin;C:\Users\kaops\AppData\Local\Programs\Python\Python311\Scripts\;C:\Users\kaops\AppData\Local\Programs\Python\Python313\Scripts\;C:\Users\kaops\AppData\Local\Programs\Python\Launcher\;C:\Program Files\Eclipse Adoptium\jdk-21.0.6.7-hotspot\bin;C:\Program Files\Common Files\Oracle\Java\javapath;C:\Program Files (x86)\Common Files\Oracle\Java\javapath;C:\Windows\system32;C:\Windows;C:\Windows\System32\Wbem;C:\Windows\System32\WindowsPowerShell\v1.0\;C:\Windows\System32\OpenSSH\;C:\Program Files (x86)\NVIDIA Corporation\PhysX\Common;C:\Program Files\NVIDIA Corporation\NVIDIA NvDLISR;C:\Program Files (x86)\Windows Kits\10\Windows Performance Toolkit\;C:\Program Files\nodejs\;C:\Program Files\Git\cmd;C:\Program Files\Vagrant\bin;C:\Program Files\Docker\Docker\resources\bin;C:\Program Files\k6\;C:\WINDOWS\system32;C:\WINDOWS;C:\WINDOWS\System32\Wbem;C:\WINDOWS\System32\WindowsPowerShell\v1.0\;C:\WINDOWS\System32\OpenSSH\;C:\Program Files (x86)\Pulse Secure\VC142.CRT\X64\;C:\Program Files (x86)\Pulse Secure\VC142.CRT\X86\;C:\Program Files (x86)\Common Files\Pulse Secure\TNC Client Plugin\;C:\Ruby33-x64\bin;C:\Users\kaops\AppData\Local\Programs\Python\Python312\;C:\Program Files\MySQL\M;C:\Program Files\PostgreSQL\16\bin;C:\Users\kaops\AppData\Local\Programs\Microsoft VS Code\bin;C:\Users\kaops\AppData\Local\Programs\Python\Python312\Scripts\;;C:\Users\kaops\AppData\Roaming\gauge\plugins\screenshot\0.3.1
20-05-2025 22:09:45.773 [java] [DEBUG] JAVA_HOME: C:\Program Files\Eclipse Adoptium\jdk-21.0.6.7-hotspot
20-05-2025 22:09:45.773 [java] [DEBUG] gauge_project_root: d:\DST2024\Semester 2\Agile\bddgauge
20-05-2025 22:09:45.773 [java] [DEBUG] gauge_parallel_streams_count: 
20-05-2025 22:09:45.773 [java] [DEBUG] gauge_reports_dir: reports
20-05-2025 22:09:45.773 [java] [DEBUG] overwrite_reports: true
20-05-2025 22:09:45.773 [java] [DEBUG] logs_directory: logs
20-05-2025 22:09:45.773 [java] [DEBUG] enable_multithreading: false
20-05-2025 22:09:45.773 [java] [DEBUG] gauge_specs_dir: specs
20-05-2025 22:09:45.773 [java] [DEBUG] csv_delimiter: ,
20-05-2025 22:09:45.773 [java] [DEBUG] gauge_java_home: 
20-05-2025 22:09:45.773 [java] [DEBUG] gauge_custom_build_path: 
20-05-2025 22:09:45.773 [java] [DEBUG] gauge_additional_libs: libs/*
20-05-2025 22:09:45.773 [java] [DEBUG] gauge_jvm_args: 
20-05-2025 22:09:45.773 [java] [DEBUG] gauge_custom_compile_dir: 
20-05-2025 22:09:45.773 [java] [DEBUG] gauge_clear_state_level: scenario
20-05-2025 22:09:45.773 [java] [DEBUG] ***** END *****
20-05-2025 22:09:49.074 [Gauge] [INFO] Initializing concepts cache with 0 concepts
20-05-2025 22:09:49.075 [Gauge] [INFO] Initializing specs cache with 1 specs
20-05-2025 22:09:49.075 [Gauge] [DEBUG] Adding specs from d:\DST2024\Semester 2\Agile\bddgauge\specs\example.spec
20-05-2025 22:09:49.075 [Gauge] [INFO] Initializing steps cache with 1 steps
20-05-2025 22:09:49.075 [Gauge] [DEBUG] Watching directory: d:\DST2024\Semester 2\Agile\bddgauge\specs
20-05-2025 22:09:49.076 [Gauge] [DEBUG] Found 1 files
20-05-2025 22:09:49.076 [Gauge] [INFO] Starting language runner
20-05-2025 22:09:49.088 [java] [DEBUG] ***** Printing Properties/Env Values *****
20-05-2025 22:09:49.088 [java] [DEBUG] PATH: C:\Program Files\Eclipse Adoptium\jdk-17.0.14.7-hotspot\bin;C:\Program Files\Eclipse Adoptium\jdk-21.0.6.7-hotspot\bin;C:\Windows\system32;C:\Windows;C:\Windows\System32\Wbem;C:\Windows\System32\WindowsPowerShell\v1.0\;C:\Windows\System32\OpenSSH\;C:\Program Files (x86)\NVIDIA Corporation\PhysX\Common;C:\Program Files\NVIDIA Corporation\NVIDIA NvDLISR;C:\Program Files (x86)\Windows Kits\10\Windows Performance Toolkit\;C:\Program Files\nodejs\;C:\Program Files\Git\cmd;C:\Program Files\Vagrant\bin;C:\Program Files\Docker\Docker\resources\bin;C:\Program Files\k6\;C:\WINDOWS\system32;C:\WINDOWS;C:\WINDOWS\System32\Wbem;C:\WINDOWS\System32\WindowsPowerShell\v1.0\;C:\WINDOWS\System32\OpenSSH\;C:\Program Files (x86)\Pulse Secure\VC142.CRT\X64\;C:\Program Files (x86)\Pulse Secure\VC142.CRT\X86\;C:\Program Files (x86)\Common Files\Pulse Secure\TNC Client Plugin\;C:\Program Files\Gauge\bin;C:\Users\kaops\AppData\Local\Programs\Python\Python311\Scripts\;C:\Users\kaops\AppData\Local\Programs\Python\Python313\Scripts\;C:\Users\kaops\AppData\Local\Programs\Python\Launcher\;C:\Program Files\Eclipse Adoptium\jdk-21.0.6.7-hotspot\bin;C:\Program Files\Common Files\Oracle\Java\javapath;C:\Program Files (x86)\Common Files\Oracle\Java\javapath;C:\Windows\system32;C:\Windows;C:\Windows\System32\Wbem;C:\Windows\System32\WindowsPowerShell\v1.0\;C:\Windows\System32\OpenSSH\;C:\Program Files (x86)\NVIDIA Corporation\PhysX\Common;C:\Program Files\NVIDIA Corporation\NVIDIA NvDLISR;C:\Program Files (x86)\Windows Kits\10\Windows Performance Toolkit\;C:\Program Files\nodejs\;C:\Program Files\Git\cmd;C:\Program Files\Vagrant\bin;C:\Program Files\Docker\Docker\resources\bin;C:\Program Files\k6\;C:\WINDOWS\system32;C:\WINDOWS;C:\WINDOWS\System32\Wbem;C:\WINDOWS\System32\WindowsPowerShell\v1.0\;C:\WINDOWS\System32\OpenSSH\;C:\Program Files (x86)\Pulse Secure\VC142.CRT\X64\;C:\Program Files (x86)\Pulse Secure\VC142.CRT\X86\;C:\Program Files (x86)\Common Files\Pulse Secure\TNC Client Plugin\;C:\Ruby33-x64\bin;C:\Users\kaops\AppData\Local\Programs\Python\Python312\;C:\Program Files\MySQL\M;C:\Program Files\PostgreSQL\16\bin;C:\Users\kaops\AppData\Local\Programs\Microsoft VS Code\bin;C:\Users\kaops\AppData\Local\Programs\Python\Python312\Scripts\;;C:\Users\kaops\AppData\Roaming\gauge\plugins\screenshot\0.3.1
20-05-2025 22:09:49.088 [java] [DEBUG] JAVA_HOME: C:\Program Files\Eclipse Adoptium\jdk-21.0.6.7-hotspot
20-05-2025 22:09:49.088 [java] [DEBUG] gauge_project_root: d:\DST2024\Semester 2\Agile\bddgauge
20-05-2025 22:09:49.088 [java] [DEBUG] gauge_parallel_streams_count: 
20-05-2025 22:09:49.088 [java] [DEBUG] gauge_reports_dir: reports
20-05-2025 22:09:49.088 [java] [DEBUG] overwrite_reports: true
20-05-2025 22:09:49.088 [java] [DEBUG] logs_directory: logs
20-05-2025 22:09:49.088 [java] [DEBUG] enable_multithreading: false
20-05-2025 22:09:49.088 [java] [DEBUG] gauge_specs_dir: specs
20-05-2025 22:09:49.088 [java] [DEBUG] csv_delimiter: ,
20-05-2025 22:09:49.088 [java] [DEBUG] gauge_java_home: 
20-05-2025 22:09:49.088 [java] [DEBUG] gauge_custom_build_path: 
20-05-2025 22:09:49.088 [java] [DEBUG] gauge_additional_libs: libs/*
20-05-2025 22:09:49.088 [java] [DEBUG] gauge_jvm_args: 
20-05-2025 22:09:49.088 [java] [DEBUG] gauge_custom_compile_dir: 
20-05-2025 22:09:49.088 [java] [DEBUG] gauge_clear_state_level: scenario
20-05-2025 22:09:49.088 [java] [DEBUG] ***** END *****
20-05-2025 22:09:49.903 [java] [ERROR] FAILURE: Build failed with an exception.
20-05-2025 22:09:49.903 [java] [ERROR] * Where:
20-05-2025 22:09:49.903 [java] [ERROR] Settings file 'D:\DST2024\Semester 2\Agile\bddgauge\settings.gradle'
20-05-2025 22:09:49.903 [java] [ERROR] * What went wrong:
20-05-2025 22:09:49.903 [java] [ERROR] Could not compile settings file 'D:\DST2024\Semester 2\Agile\bddgauge\settings.gradle'.
20-05-2025 22:09:49.903 [java] [ERROR] >
20-05-2025 22:09:49.903 [java] [ERROR] startup failed:
20-05-2025 22:09:49.903 [java] [ERROR] General error during semantic analysis: Unsupported class file major version 65
20-05-2025 22:09:49.903 [java] [ERROR] java.lang.IllegalArgumentException: Unsupported class file major version 65
20-05-2025 22:09:49.903 [java] [ERROR] 	at groovyjarjarasm.asm.ClassReader.<init>(ClassReader.java:196)
20-05-2025 22:09:49.903 [java] [ERROR] 	at groovyjarjarasm.asm.ClassReader.<init>(ClassReader.java:177)
20-05-2025 22:09:49.904 [java] [ERROR] 	at groovyjarjarasm.asm.ClassReader.<init>(ClassReader.java:163)
20-05-2025 22:09:49.904 [java] [ERROR] 	at groovyjarjarasm.asm.ClassReader.<init>(ClassReader.java:284)
20-05-2025 22:09:49.904 [java] [ERROR] 	at org.codehaus.groovy.ast.decompiled.AsmDecompiler.parseClass(AsmDecompiler.java:81)
20-05-2025 22:09:49.904 [java] [ERROR] 	at org.codehaus.groovy.control.ClassNodeResolver.findDecompiled(ClassNodeResolver.java:251)
20-05-2025 22:09:49.904 [java] [ERROR] 	at org.codehaus.groovy.control.ClassNodeResolver.tryAsLoaderClassOrScript(ClassNodeResolver.java:189)
20-05-2025 22:09:49.904 [java] [ERROR] 	at org.codehaus.groovy.control.ClassNodeResolver.findClassNode(ClassNodeResolver.java:169)
20-05-2025 22:09:49.904 [java] [ERROR] 	at org.codehaus.groovy.control.ClassNodeResolver.resolveName(ClassNodeResolver.java:125)
20-05-2025 22:09:49.904 [java] [ERROR] 	at org.codehaus.groovy.ast.decompiled.AsmReferenceResolver.resolveClassNullable(AsmReferenceResolver.java:57)
20-05-2025 22:09:49.904 [java] [ERROR] 	at org.codehaus.groovy.ast.decompiled.AsmReferenceResolver.resolveClass(AsmReferenceResolver.java:44)
20-05-2025 22:09:49.904 [java] [ERROR] 	at org.codehaus.groovy.ast.decompiled.AsmReferenceResolver.resolveNonArrayType(AsmReferenceResolver.java:79)
20-05-2025 22:09:49.904 [java] [ERROR] 	at org.codehaus.groovy.ast.decompiled.AsmReferenceResolver.resolveType(AsmReferenceResolver.java:70)
20-05-2025 22:09:49.904 [java] [ERROR] 	at org.codehaus.groovy.ast.decompiled.MemberSignatureParser.createMethodNode(MemberSignatureParser.java:57)
20-05-2025 22:09:49.905 [java] [ERROR] 	at org.codehaus.groovy.ast.decompiled.DecompiledClassNode$2.get(DecompiledClassNode.java:234)
20-05-2025 22:09:49.905 [java] [ERROR] 	at org.codehaus.groovy.ast.decompiled.DecompiledClassNode$2.get(DecompiledClassNode.java:231)
20-05-2025 22:09:49.905 [java] [ERROR] 	at org.codehaus.groovy.ast.decompiled.DecompiledClassNode.createMethodNode(DecompiledClassNode.java:242)
20-05-2025 22:09:49.905 [java] [ERROR] 	at org.codehaus.groovy.ast.decompiled.DecompiledClassNode.lazyInitMembers(DecompiledClassNode.java:199)
20-05-2025 22:09:49.905 [java] [ERROR] 	at org.codehaus.groovy.ast.decompiled.DecompiledClassNode.getDeclaredMethods(DecompiledClassNode.java:122)
20-05-2025 22:09:49.905 [java] [ERROR] 	at org.codehaus.groovy.ast.ClassNode.getMethods(ClassNode.java:912)
20-05-2025 22:09:49.905 [java] [ERROR] 	at org.codehaus.groovy.ast.ClassNode.tryFindPossibleMethod(ClassNode.java:1280)
20-05-2025 22:09:49.905 [java] [ERROR] 	at org.codehaus.groovy.control.StaticImportVisitor.transformMethodCallExpression(StaticImportVisitor.java:252)
20-05-2025 22:09:49.905 [java] [ERROR] 	at org.codehaus.groovy.control.StaticImportVisitor.transform(StaticImportVisitor.java:113)
20-05-2025 22:09:49.905 [java] [ERROR] 	at org.codehaus.groovy.ast.ClassCodeExpressionTransformer.visitExpressionStatement(ClassCodeExpressionTransformer.java:142)
20-05-2025 22:09:49.905 [java] [ERROR] 	at org.codehaus.groovy.ast.stmt.ExpressionStatement.visit(ExpressionStatement.java:40)
20-05-2025 22:09:49.905 [java] [ERROR] 	at org.codehaus.groovy.ast.ClassCodeVisitorSupport.visitClassCodeContainer(ClassCodeVisitorSupport.java:110)
20-05-2025 22:09:49.905 [java] [ERROR] 	at org.codehaus.groovy.ast.ClassCodeVisitorSupport.visitConstructorOrMethod(ClassCodeVisitorSupport.java:121)
20-05-2025 22:09:49.905 [java] [ERROR] 	at org.codehaus.groovy.ast.ClassCodeExpressionTransformer.visitConstructorOrMethod(ClassCodeExpressionTransformer.java:53)
20-05-2025 22:09:49.905 [java] [ERROR] 	at org.codehaus.groovy.control.StaticImportVisitor.visitConstructorOrMethod(StaticImportVisitor.java:89)
20-05-2025 22:09:49.906 [java] [ERROR] 	at org.codehaus.groovy.ast.ClassCodeVisitorSupport.visitConstructor(ClassCodeVisitorSupport.java:128)
20-05-2025 22:09:49.906 [java] [ERROR] 	at org.codehaus.groovy.ast.ClassNode.visitContents(ClassNode.java:1099)
20-05-2025 22:09:49.906 [java] [ERROR] 	at org.codehaus.groovy.ast.ClassCodeVisitorSupport.visitClass(ClassCodeVisitorSupport.java:54)
20-05-2025 22:09:49.906 [java] [ERROR] 	at org.codehaus.groovy.control.StaticImportVisitor.visitClass(StaticImportVisitor.java:83)
20-05-2025 22:09:49.906 [java] [ERROR] 	at org.codehaus.groovy.control.CompilationUnit$14.call(CompilationUnit.java:708)
20-05-2025 22:09:49.906 [java] [ERROR] 	at org.codehaus.groovy.control.CompilationUnit.applyToPrimaryClassNodes(CompilationUnit.java:1084)
20-05-2025 22:09:49.906 [java] [ERROR] 	at org.codehaus.groovy.control.CompilationUnit.doPhaseOperation(CompilationUnit.java:640)
20-05-2025 22:09:49.906 [java] [ERROR] 	at org.codehaus.groovy.control.CompilationUnit.processPhaseOperations(CompilationUnit.java:618)
20-05-2025 22:09:49.906 [java] [ERROR] 	at org.codehaus.groovy.control.CompilationUnit.compile(CompilationUnit.java:595)
20-05-2025 22:09:49.906 [java] [ERROR] 	at groovy.lang.GroovyClassLoader.doParseClass(GroovyClassLoader.java:401)
20-05-2025 22:09:49.906 [java] [ERROR] 	at groovy.lang.GroovyClassLoader.access$300(GroovyClassLoader.java:89)
20-05-2025 22:09:49.906 [java] [ERROR] 	at groovy.lang.GroovyClassLoader$5.provide(GroovyClassLoader.java:341)
20-05-2025 22:09:49.906 [java] [ERROR] 	at groovy.lang.GroovyClassLoader$5.provide(GroovyClassLoader.java:338)
20-05-2025 22:09:49.906 [java] [ERROR] 	at org.codehaus.groovy.runtime.memoize.ConcurrentCommonCache.getAndPut(ConcurrentCommonCache.java:147)
20-05-2025 22:09:49.906 [java] [ERROR] 	at groovy.lang.GroovyClassLoader.parseClass(GroovyClassLoader.java:336)
20-05-2025 22:09:49.906 [java] [ERROR] 	at org.gradle.groovy.scripts.internal.DefaultScriptCompilationHandler.compileScript(DefaultScriptCompilationHandler.java:139)
20-05-2025 22:09:49.906 [java] [ERROR] 	at org.gradle.groovy.scripts.internal.DefaultScriptCompilationHandler.compileToDir(DefaultScriptCompilationHandler.java:95)
20-05-2025 22:09:49.906 [java] [ERROR] 	at org.gradle.groovy.scripts.internal.BuildOperationBackedScriptCompilationHandler$2.run(BuildOperationBackedScriptCompilationHandler.java:54)
20-05-2025 22:09:49.906 [java] [ERROR] 	at org.gradle.internal.operations.DefaultBuildOperationRunner$1.execute(DefaultBuildOperationRunner.java:29)
20-05-2025 22:09:49.906 [java] [ERROR] 	at org.gradle.internal.operations.DefaultBuildOperationRunner$1.execute(DefaultBuildOperationRunner.java:26)
20-05-2025 22:09:49.906 [java] [ERROR] 	at org.gradle.internal.operations.DefaultBuildOperationRunner$3.execute(DefaultBuildOperationRunner.java:75)
20-05-2025 22:09:49.906 [java] [ERROR] 	at org.gradle.internal.operations.DefaultBuildOperationRunner$3.execute(DefaultBuildOperationRunner.java:68)
20-05-2025 22:09:49.906 [java] [ERROR] 	at org.gradle.internal.operations.DefaultBuildOperationRunner.execute(DefaultBuildOperationRunner.java:153)
20-05-2025 22:09:49.907 [java] [ERROR] 	at org.gradle.internal.operations.DefaultBuildOperationRunner.execute(DefaultBuildOperationRunner.java:68)
20-05-2025 22:09:49.907 [java] [ERROR] 	at org.gradle.internal.operations.DefaultBuildOperationRunner.run(DefaultBuildOperationRunner.java:56)
20-05-2025 22:09:49.907 [java] [ERROR] 	at org.gradle.internal.operations.DefaultBuildOperationExecutor.lambda$run$1(DefaultBuildOperationExecutor.java:71)
20-05-2025 22:09:49.907 [java] [ERROR] 	at org.gradle.internal.operations.UnmanagedBuildOperationWrapper.runWithUnmanagedSupport(UnmanagedBuildOperationWrapper.java:45)
20-05-2025 22:09:49.907 [java] [ERROR] 	at org.gradle.internal.operations.DefaultBuildOperationExecutor.run(DefaultBuildOperationExecutor.java:71)
20-05-2025 22:09:49.907 [java] [ERROR] 	at org.gradle.groovy.scripts.internal.BuildOperationBackedScriptCompilationHandler.compileToDir(BuildOperationBackedScriptCompilationHandler.java:51)
20-05-2025 22:09:49.907 [java] [ERROR] 	at org.gradle.groovy.scripts.internal.FileCacheBackedScriptClassCompiler$CompileToCrossBuildCacheAction.execute(FileCacheBackedScriptClassCompiler.java:190)
20-05-2025 22:09:49.907 [java] [ERROR] 	at org.gradle.groovy.scripts.internal.FileCacheBackedScriptClassCompiler$CompileToCrossBuildCacheAction.execute(FileCacheBackedScriptClassCompiler.java:170)
20-05-2025 22:09:49.907 [java] [ERROR] 	at org.gradle.groovy.scripts.internal.FileCacheBackedScriptClassCompiler$ProgressReportingInitializer.execute(FileCacheBackedScriptClassCompiler.java:211)
20-05-2025 22:09:49.907 [java] [ERROR] 	at org.gradle.groovy.scripts.internal.FileCacheBackedScriptClassCompiler$ProgressReportingInitializer.execute(FileCacheBackedScriptClassCompiler.java:194)
20-05-2025 22:09:49.907 [java] [ERROR] 	at org.gradle.cache.internal.DefaultPersistentDirectoryCache$Initializer.initialize(DefaultPersistentDirectoryCache.java:100)
20-05-2025 22:09:49.907 [java] [ERROR] 	at org.gradle.cache.internal.FixedSharedModeCrossProcessCacheAccess$1.run(FixedSharedModeCrossProcessCacheAccess.java:86)
20-05-2025 22:09:49.907 [java] [ERROR] 	at org.gradle.cache.internal.DefaultFileLockManager$DefaultFileLock.doWriteAction(DefaultFileLockManager.java:215)
20-05-2025 22:09:49.907 [java] [ERROR] 	at org.gradle.cache.internal.DefaultFileLockManager$DefaultFileLock.writeFile(DefaultFileLockManager.java:205)
20-05-2025 22:09:49.907 [java] [ERROR] 	at org.gradle.cache.internal.FixedSharedModeCrossProcessCacheAccess.open(FixedSharedModeCrossProcessCacheAccess.java:83)
20-05-2025 22:09:49.907 [java] [ERROR] 	at org.gradle.cache.internal.DefaultCacheAccess.open(DefaultCacheAccess.java:139)
20-05-2025 22:09:49.907 [java] [ERROR] 	at org.gradle.cache.internal.DefaultPersistentDirectoryStore.open(DefaultPersistentDirectoryStore.java:89)
20-05-2025 22:09:49.907 [java] [ERROR] 	at org.gradle.cache.internal.DefaultPersistentDirectoryStore.open(DefaultPersistentDirectoryStore.java:43)
20-05-2025 22:09:49.907 [java] [ERROR] 	at org.gradle.cache.internal.DefaultCacheFactory.doOpen(DefaultCacheFactory.java:103)
20-05-2025 22:09:49.908 [java] [ERROR] 	at org.gradle.cache.internal.DefaultCacheFactory.open(DefaultCacheFactory.java:68)
20-05-2025 22:09:49.908 [java] [ERROR] 	at org.gradle.cache.internal.DefaultCacheRepository$PersistentCacheBuilder.open(DefaultCacheRepository.java:126)
20-05-2025 22:09:49.908 [java] [ERROR] 	at org.gradle.groovy.scripts.internal.FileCacheBackedScriptClassCompiler.compile(FileCacheBackedScriptClassCompiler.java:116)
20-05-2025 22:09:49.908 [java] [ERROR] 	at org.gradle.groovy.scripts.internal.CrossBuildInMemoryCachingScriptClassCache.getOrCompile(CrossBuildInMemoryCachingScriptClassCache.java:50)
20-05-2025 22:09:49.908 [java] [ERROR] 	at org.gradle.groovy.scripts.internal.BuildScopeInMemoryCachingScriptClassCompiler.compile(BuildScopeInMemoryCachingScriptClassCompiler.java:50)
20-05-2025 22:09:49.908 [java] [ERROR] 	at org.gradle.groovy.scripts.DefaultScriptCompilerFactory$ScriptCompilerImpl.compile(DefaultScriptCompilerFactory.java:49)
20-05-2025 22:09:49.908 [java] [ERROR] 	at org.gradle.configuration.DefaultScriptPluginFactory$ScriptPluginImpl.apply(DefaultScriptPluginFactory.java:125)
20-05-2025 22:09:49.908 [java] [ERROR] 	at org.gradle.configuration.BuildOperationScriptPlugin$1.run(BuildOperationScriptPlugin.java:65)
20-05-2025 22:09:49.908 [java] [ERROR] 	at org.gradle.internal.operations.DefaultBuildOperationRunner$1.execute(DefaultBuildOperationRunner.java:29)
20-05-2025 22:09:49.908 [java] [ERROR] 	at org.gradle.internal.operations.DefaultBuildOperationRunner$1.execute(DefaultBuildOperationRunner.java:26)
20-05-2025 22:09:49.908 [java] [ERROR] 	at org.gradle.internal.operations.DefaultBuildOperationRunner$3.execute(DefaultBuildOperationRunner.java:75)
20-05-2025 22:09:49.909 [java] [ERROR] 	at org.gradle.internal.operations.DefaultBuildOperationRunner$3.execute(DefaultBuildOperationRunner.java:68)
20-05-2025 22:09:49.909 [java] [ERROR] 	at org.gradle.internal.operations.DefaultBuildOperationRunner.execute(DefaultBuildOperationRunner.java:153)
20-05-2025 22:09:49.909 [java] [ERROR] 	at org.gradle.internal.operations.DefaultBuildOperationRunner.execute(DefaultBuildOperationRunner.java:68)
20-05-2025 22:09:49.909 [java] [ERROR] 	at org.gradle.internal.operations.DefaultBuildOperationRunner.run(DefaultBuildOperationRunner.java:56)
20-05-2025 22:09:49.909 [java] [ERROR] 	at org.gradle.internal.operations.DefaultBuildOperationExecutor.lambda$run$1(DefaultBuildOperationExecutor.java:71)
20-05-2025 22:09:49.909 [java] [ERROR] 	at org.gradle.internal.operations.UnmanagedBuildOperationWrapper.runWithUnmanagedSupport(UnmanagedBuildOperationWrapper.java:45)
20-05-2025 22:09:49.909 [java] [ERROR] 	at org.gradle.internal.operations.DefaultBuildOperationExecutor.run(DefaultBuildOperationExecutor.java:71)
20-05-2025 22:09:49.909 [java] [ERROR] 	at org.gradle.configuration.BuildOperationScriptPlugin.lambda$apply$0(BuildOperationScriptPlugin.java:62)
20-05-2025 22:09:49.909 [java] [ERROR] 	at org.gradle.configuration.internal.DefaultUserCodeApplicationContext.apply(DefaultUserCodeApplicationContext.java:43)
20-05-2025 22:09:49.909 [java] [ERROR] 	at org.gradle.configuration.BuildOperationScriptPlugin.apply(BuildOperationScriptPlugin.java:62)
20-05-2025 22:09:49.909 [java] [ERROR] 	at org.gradle.initialization.ScriptEvaluatingSettingsProcessor.applySettingsScript(ScriptEvaluatingSettingsProcessor.java:74)
20-05-2025 22:09:49.909 [java] [ERROR] 	at org.gradle.initialization.ScriptEvaluatingSettingsProcessor.process(ScriptEvaluatingSettingsProcessor.java:67)
20-05-2025 22:09:49.909 [java] [ERROR] 	at org.gradle.initialization.SettingsEvaluatedCallbackFiringSettingsProcessor.process(SettingsEvaluatedCallbackFiringSettingsProcessor.java:34)
20-05-2025 22:09:49.909 [java] [ERROR] 	at org.gradle.initialization.RootBuildCacheControllerSettingsProcessor.process(RootBuildCacheControllerSettingsProcessor.java:47)
20-05-2025 22:09:49.909 [java] [ERROR] 	at org.gradle.initialization.BuildOperationSettingsProcessor$2.call(BuildOperationSettingsProcessor.java:50)
20-05-2025 22:09:49.909 [java] [ERROR] 	at org.gradle.initialization.BuildOperationSettingsProcessor$2.call(BuildOperationSettingsProcessor.java:47)
20-05-2025 22:09:49.909 [java] [ERROR] 	at org.gradle.internal.operations.DefaultBuildOperationRunner$CallableBuildOperationWorker.execute(DefaultBuildOperationRunner.java:200)
20-05-2025 22:09:49.909 [java] [ERROR] 	at org.gradle.internal.operations.DefaultBuildOperationRunner$CallableBuildOperationWorker.execute(DefaultBuildOperationRunner.java:195)
20-05-2025 22:09:49.909 [java] [ERROR] 	at org.gradle.internal.operations.DefaultBuildOperationRunner$3.execute(DefaultBuildOperationRunner.java:75)
20-05-2025 22:09:49.909 [java] [ERROR] 	at org.gradle.internal.operations.DefaultBuildOperationRunner$3.execute(DefaultBuildOperationRunner.java:68)
20-05-2025 22:09:49.909 [java] [ERROR] 	at org.gradle.internal.operations.DefaultBuildOperationRunner.execute(DefaultBuildOperationRunner.java:153)
20-05-2025 22:09:49.909 [java] [ERROR] 	at org.gradle.internal.operations.DefaultBuildOperationRunner.execute(DefaultBuildOperationRunner.java:68)
20-05-2025 22:09:49.909 [java] [ERROR] 	at org.gradle.internal.operations.DefaultBuildOperationRunner.call(DefaultBuildOperationRunner.java:62)
20-05-2025 22:09:49.909 [java] [ERROR] 	at org.gradle.internal.operations.DefaultBuildOperationExecutor.lambda$call$2(DefaultBuildOperationExecutor.java:76)
20-05-2025 22:09:49.909 [java] [ERROR] 	at org.gradle.internal.operations.UnmanagedBuildOperationWrapper.callWithUnmanagedSupport(UnmanagedBuildOperationWrapper.java:54)
20-05-2025 22:09:49.909 [java] [ERROR] 	at org.gradle.internal.operations.DefaultBuildOperationExecutor.call(DefaultBuildOperationExecutor.java:76)
20-05-2025 22:09:49.909 [java] [ERROR] 	at org.gradle.initialization.BuildOperationSettingsProcessor.process(BuildOperationSettingsProcessor.java:47)
20-05-2025 22:09:49.909 [java] [ERROR] 	at org.gradle.initialization.DefaultSettingsLoader.findSettingsAndLoadIfAppropriate(DefaultSettingsLoader.java:127)
20-05-2025 22:09:49.909 [java] [ERROR] 	at org.gradle.initialization.DefaultSettingsLoader.findAndLoadSettings(DefaultSettingsLoader.java:65)
20-05-2025 22:09:49.910 [java] [ERROR] 	at org.gradle.initialization.SettingsAttachingSettingsLoader.findAndLoadSettings(SettingsAttachingSettingsLoader.java:35)
20-05-2025 22:09:49.910 [java] [ERROR] 	at org.gradle.internal.composite.CommandLineIncludedBuildSettingsLoader.findAndLoadSettings(CommandLineIncludedBuildSettingsLoader.java:34)
20-05-2025 22:09:49.910 [java] [ERROR] 	at org.gradle.internal.composite.ChildBuildRegisteringSettingsLoader.findAndLoadSettings(ChildBuildRegisteringSettingsLoader.java:53)
20-05-2025 22:09:49.910 [java] [ERROR] 	at org.gradle.internal.composite.CompositeBuildSettingsLoader.findAndLoadSettings(CompositeBuildSettingsLoader.java:35)
20-05-2025 22:09:49.910 [java] [ERROR] 	at org.gradle.initialization.DefaultSettingsPreparer.prepareSettings(DefaultSettingsPreparer.java:36)
20-05-2025 22:09:49.910 [java] [ERROR] 	at org.gradle.initialization.BuildOperationFiringSettingsPreparer$LoadBuild.doLoadBuild(BuildOperationFiringSettingsPreparer.java:62)
20-05-2025 22:09:49.910 [java] [ERROR] 	at org.gradle.initialization.BuildOperationFiringSettingsPreparer$LoadBuild.run(BuildOperationFiringSettingsPreparer.java:57)
20-05-2025 22:09:49.910 [java] [ERROR] 	at org.gradle.internal.operations.DefaultBuildOperationRunner$1.execute(DefaultBuildOperationRunner.java:29)
20-05-2025 22:09:49.910 [java] [ERROR] 	at org.gradle.internal.operations.DefaultBuildOperationRunner$1.execute(DefaultBuildOperationRunner.java:26)
20-05-2025 22:09:49.910 [java] [ERROR] 	at org.gradle.internal.operations.DefaultBuildOperationRunner$3.execute(DefaultBuildOperationRunner.java:75)
20-05-2025 22:09:49.910 [java] [ERROR] 	at org.gradle.internal.operations.DefaultBuildOperationRunner$3.execute(DefaultBuildOperationRunner.java:68)
20-05-2025 22:09:49.910 [java] [ERROR] 	at org.gradle.internal.operations.DefaultBuildOperationRunner.execute(DefaultBuildOperationRunner.java:153)
20-05-2025 22:09:49.910 [java] [ERROR] 	at org.gradle.internal.operations.DefaultBuildOperationRunner.execute(DefaultBuildOperationRunner.java:68)
20-05-2025 22:09:49.910 [java] [ERROR] 	at org.gradle.internal.operations.DefaultBuildOperationRunner.run(DefaultBuildOperationRunner.java:56)
20-05-2025 22:09:49.910 [java] [ERROR] 	at org.gradle.internal.operations.DefaultBuildOperationExecutor.lambda$run$1(DefaultBuildOperationExecutor.java:71)
20-05-2025 22:09:49.910 [java] [ERROR] 	at org.gradle.internal.operations.UnmanagedBuildOperationWrapper.runWithUnmanagedSupport(UnmanagedBuildOperationWrapper.java:45)
20-05-2025 22:09:49.910 [java] [ERROR] 	at org.gradle.internal.operations.DefaultBuildOperationExecutor.run(DefaultBuildOperationExecutor.java:71)
20-05-2025 22:09:49.910 [java] [ERROR] 	at org.gradle.initialization.BuildOperationFiringSettingsPreparer.prepareSettings(BuildOperationFiringSettingsPreparer.java:45)
20-05-2025 22:09:49.910 [java] [ERROR] 	at org.gradle.initialization.DefaultGradleLauncher.prepareSettings(DefaultGradleLauncher.java:218)
20-05-2025 22:09:49.910 [java] [ERROR] 	at org.gradle.initialization.DefaultGradleLauncher.doClassicBuildStages(DefaultGradleLauncher.java:159)
20-05-2025 22:09:49.910 [java] [ERROR] 	at org.gradle.initialization.DefaultGradleLauncher.doBuildStages(DefaultGradleLauncher.java:148)
20-05-2025 22:09:49.911 [java] [ERROR] 	at org.gradle.initialization.DefaultGradleLauncher.executeTasks(DefaultGradleLauncher.java:124)
20-05-2025 22:09:49.911 [java] [ERROR] 	at org.gradle.internal.invocation.GradleBuildController$1.create(GradleBuildController.java:72)
20-05-2025 22:09:49.911 [java] [ERROR] 	at org.gradle.internal.invocation.GradleBuildController$1.create(GradleBuildController.java:67)
20-05-2025 22:09:49.911 [java] [ERROR] 	at org.gradle.internal.work.DefaultWorkerLeaseService.withLocks(DefaultWorkerLeaseService.java:213)
20-05-2025 22:09:49.911 [java] [ERROR] 	at org.gradle.internal.invocation.GradleBuildController.doBuild(GradleBuildController.java:67)
20-05-2025 22:09:49.911 [java] [ERROR] 	at org.gradle.internal.invocation.GradleBuildController.run(GradleBuildController.java:56)
20-05-2025 22:09:49.911 [java] [ERROR] 	at org.gradle.tooling.internal.provider.ExecuteBuildActionRunner.run(ExecuteBuildActionRunner.java:31)
20-05-2025 22:09:49.911 [java] [ERROR] 	at org.gradle.launcher.exec.ChainingBuildActionRunner.run(ChainingBuildActionRunner.java:35)
20-05-2025 22:09:49.911 [java] [ERROR] 	at org.gradle.launcher.exec.BuildOutcomeReportingBuildActionRunner.run(BuildOutcomeReportingBuildActionRunner.java:63)
20-05-2025 22:09:49.911 [java] [ERROR] 	at org.gradle.tooling.internal.provider.ValidatingBuildActionRunner.run(ValidatingBuildActionRunner.java:32)
20-05-2025 22:09:49.911 [java] [ERROR] 	at org.gradle.tooling.internal.provider.FileSystemWatchingBuildActionRunner.run(FileSystemWatchingBuildActionRunner.java:77)
20-05-2025 22:09:49.911 [java] [ERROR] 	at org.gradle.launcher.exec.BuildCompletionNotifyingBuildActionRunner.run(BuildCompletionNotifyingBuildActionRunner.java:41)
20-05-2025 22:09:49.911 [java] [ERROR] 	at org.gradle.launcher.exec.RunAsBuildOperationBuildActionRunner$3.call(RunAsBuildOperationBuildActionRunner.java:49)
20-05-2025 22:09:49.911 [java] [ERROR] 	at org.gradle.launcher.exec.RunAsBuildOperationBuildActionRunner$3.call(RunAsBuildOperationBuildActionRunner.java:44)
20-05-2025 22:09:49.911 [java] [ERROR] 	at org.gradle.internal.operations.DefaultBuildOperationRunner$CallableBuildOperationWorker.execute(DefaultBuildOperationRunner.java:200)
20-05-2025 22:09:49.911 [java] [ERROR] 	at org.gradle.internal.operations.DefaultBuildOperationRunner$CallableBuildOperationWorker.execute(DefaultBuildOperationRunner.java:195)
20-05-2025 22:09:49.911 [java] [ERROR] 	at org.gradle.internal.operations.DefaultBuildOperationRunner$3.execute(DefaultBuildOperationRunner.java:75)
20-05-2025 22:09:49.911 [java] [ERROR] 	at org.gradle.internal.operations.DefaultBuildOperationRunner$3.execute(DefaultBuildOperationRunner.java:68)
20-05-2025 22:09:49.911 [java] [ERROR] 	at org.gradle.internal.operations.DefaultBuildOperationRunner.execute(DefaultBuildOperationRunner.java:153)
20-05-2025 22:09:49.911 [java] [ERROR] 	at org.gradle.internal.operations.DefaultBuildOperationRunner.execute(DefaultBuildOperationRunner.java:68)
20-05-2025 22:09:49.911 [java] [ERROR] 	at org.gradle.internal.operations.DefaultBuildOperationRunner.call(DefaultBuildOperationRunner.java:62)
20-05-2025 22:09:49.911 [java] [ERROR] 	at org.gradle.internal.operations.DefaultBuildOperationExecutor.lambda$call$2(DefaultBuildOperationExecutor.java:76)
20-05-2025 22:09:49.911 [java] [ERROR] 	at org.gradle.internal.operations.UnmanagedBuildOperationWrapper.callWithUnmanagedSupport(UnmanagedBuildOperationWrapper.java:54)
20-05-2025 22:09:49.911 [java] [ERROR] 	at org.gradle.internal.operations.DefaultBuildOperationExecutor.call(DefaultBuildOperationExecutor.java:76)
20-05-2025 22:09:49.911 [java] [ERROR] 	at org.gradle.launcher.exec.RunAsBuildOperationBuildActionRunner.run(RunAsBuildOperationBuildActionRunner.java:44)
20-05-2025 22:09:49.911 [java] [ERROR] 	at org.gradle.launcher.exec.InProcessBuildActionExecuter.lambda$execute$0(InProcessBuildActionExecuter.java:54)
20-05-2025 22:09:49.911 [java] [ERROR] 	at org.gradle.composite.internal.DefaultRootBuildState.run(DefaultRootBuildState.java:86)
20-05-2025 22:09:49.911 [java] [ERROR] 	at org.gradle.launcher.exec.InProcessBuildActionExecuter.execute(InProcessBuildActionExecuter.java:53)
20-05-2025 22:09:49.911 [java] [ERROR] 	at org.gradle.launcher.exec.InProcessBuildActionExecuter.execute(InProcessBuildActionExecuter.java:29)
20-05-2025 22:09:49.912 [java] [ERROR] 	at org.gradle.launcher.exec.BuildTreeScopeLifecycleBuildActionExecuter.lambda$execute$0(BuildTreeScopeLifecycleBuildActionExecuter.java:33)
20-05-2025 22:09:49.912 [java] [ERROR] 	at org.gradle.internal.buildtree.BuildTreeState.run(BuildTreeState.java:49)
20-05-2025 22:09:49.912 [java] [ERROR] 	at org.gradle.launcher.exec.BuildTreeScopeLifecycleBuildActionExecuter.execute(BuildTreeScopeLifecycleBuildActionExecuter.java:32)
20-05-2025 22:09:49.912 [java] [ERROR] 	at org.gradle.launcher.exec.BuildTreeScopeLifecycleBuildActionExecuter.execute(BuildTreeScopeLifecycleBuildActionExecuter.java:27)
20-05-2025 22:09:49.912 [java] [ERROR] 	at org.gradle.tooling.internal.provider.ContinuousBuildActionExecuter.execute(ContinuousBuildActionExecuter.java:104)
20-05-2025 22:09:49.912 [java] [ERROR] 	at org.gradle.tooling.internal.provider.ContinuousBuildActionExecuter.execute(ContinuousBuildActionExecuter.java:55)
20-05-2025 22:09:49.912 [java] [ERROR] 	at org.gradle.tooling.internal.provider.SubscribableBuildActionExecuter.execute(SubscribableBuildActionExecuter.java:64)
20-05-2025 22:09:49.912 [java] [ERROR] 	at org.gradle.tooling.internal.provider.SubscribableBuildActionExecuter.execute(SubscribableBuildActionExecuter.java:37)
20-05-2025 22:09:49.912 [java] [ERROR] 	at org.gradle.tooling.internal.provider.SessionScopeLifecycleBuildActionExecuter.lambda$execute$0(SessionScopeLifecycleBuildActionExecuter.java:54)
20-05-2025 22:09:49.912 [java] [ERROR] 	at org.gradle.internal.session.BuildSessionState.run(BuildSessionState.java:67)
20-05-2025 22:09:49.912 [java] [ERROR] 	at org.gradle.tooling.internal.provider.SessionScopeLifecycleBuildActionExecuter.execute(SessionScopeLifecycleBuildActionExecuter.java:50)
20-05-2025 22:09:49.912 [java] [ERROR] 	at org.gradle.tooling.internal.provider.SessionScopeLifecycleBuildActionExecuter.execute(SessionScopeLifecycleBuildActionExecuter.java:36)
20-05-2025 22:09:49.912 [java] [ERROR] 	at org.gradle.tooling.internal.provider.GradleThreadBuildActionExecuter.execute(GradleThreadBuildActionExecuter.java:36)
20-05-2025 22:09:49.912 [java] [ERROR] 	at org.gradle.tooling.internal.provider.GradleThreadBuildActionExecuter.execute(GradleThreadBuildActionExecuter.java:25)
20-05-2025 22:09:49.912 [java] [ERROR] 	at org.gradle.tooling.internal.provider.StartParamsValidatingActionExecuter.execute(StartParamsValidatingActionExecuter.java:59)
20-05-2025 22:09:49.912 [java] [ERROR] 	at org.gradle.tooling.internal.provider.StartParamsValidatingActionExecuter.execute(StartParamsValidatingActionExecuter.java:31)
20-05-2025 22:09:49.912 [java] [ERROR] 	at org.gradle.tooling.internal.provider.SessionFailureReportingActionExecuter.execute(SessionFailureReportingActionExecuter.java:55)
20-05-2025 22:09:49.912 [java] [ERROR] 	at org.gradle.tooling.internal.provider.SessionFailureReportingActionExecuter.execute(SessionFailureReportingActionExecuter.java:41)
20-05-2025 22:09:49.912 [java] [ERROR] 	at org.gradle.tooling.internal.provider.SetupLoggingActionExecuter.execute(SetupLoggingActionExecuter.java:47)
20-05-2025 22:09:49.912 [java] [ERROR] 	at org.gradle.tooling.internal.provider.SetupLoggingActionExecuter.execute(SetupLoggingActionExecuter.java:31)
20-05-2025 22:09:49.912 [java] [ERROR] 	at org.gradle.launcher.daemon.server.exec.ExecuteBuild.doBuild(ExecuteBuild.java:65)
20-05-2025 22:09:49.912 [java] [ERROR] 	at org.gradle.launcher.daemon.server.exec.BuildCommandOnly.execute(BuildCommandOnly.java:37)
20-05-2025 22:09:49.912 [java] [ERROR] 	at org.gradle.launcher.daemon.server.api.DaemonCommandExecution.proceed(DaemonCommandExecution.java:104)
20-05-2025 22:09:49.912 [java] [ERROR] 	at org.gradle.launcher.daemon.server.exec.WatchForDisconnection.execute(WatchForDisconnection.java:39)
20-05-2025 22:09:49.912 [java] [ERROR] 	at org.gradle.launcher.daemon.server.api.DaemonCommandExecution.proceed(DaemonCommandExecution.java:104)
20-05-2025 22:09:49.912 [java] [ERROR] 	at org.gradle.launcher.daemon.server.exec.ResetDeprecationLogger.execute(ResetDeprecationLogger.java:29)
20-05-2025 22:09:49.912 [java] [ERROR] 	at org.gradle.launcher.daemon.server.api.DaemonCommandExecution.proceed(DaemonCommandExecution.java:104)
20-05-2025 22:09:49.912 [java] [ERROR] 	at org.gradle.launcher.daemon.server.exec.RequestStopIfSingleUsedDaemon.execute(RequestStopIfSingleUsedDaemon.java:35)
20-05-2025 22:09:49.912 [java] [ERROR] 	at org.gradle.launcher.daemon.server.api.DaemonCommandExecution.proceed(DaemonCommandExecution.java:104)
20-05-2025 22:09:49.912 [java] [ERROR] 	at org.gradle.launcher.daemon.server.exec.ForwardClientInput$2.create(ForwardClientInput.java:78)
20-05-2025 22:09:49.912 [java] [ERROR] 	at org.gradle.launcher.daemon.server.exec.ForwardClientInput$2.create(ForwardClientInput.java:75)
20-05-2025 22:09:49.912 [java] [ERROR] 	at org.gradle.util.Swapper.swap(Swapper.java:38)
20-05-2025 22:09:49.912 [java] [ERROR] 	at org.gradle.launcher.daemon.server.exec.ForwardClientInput.execute(ForwardClientInput.java:75)
20-05-2025 22:09:49.912 [java] [ERROR] 	at org.gradle.launcher.daemon.server.api.DaemonCommandExecution.proceed(DaemonCommandExecution.java:104)
20-05-2025 22:09:49.912 [java] [ERROR] 	at org.gradle.launcher.daemon.server.exec.LogAndCheckHealth.execute(LogAndCheckHealth.java:55)
20-05-2025 22:09:49.912 [java] [ERROR] 	at org.gradle.launcher.daemon.server.api.DaemonCommandExecution.proceed(DaemonCommandExecution.java:104)
20-05-2025 22:09:49.912 [java] [ERROR] 	at org.gradle.launcher.daemon.server.exec.LogToClient.doBuild(LogToClient.java:63)
20-05-2025 22:09:49.912 [java] [ERROR] 	at org.gradle.launcher.daemon.server.exec.BuildCommandOnly.execute(BuildCommandOnly.java:37)
20-05-2025 22:09:49.912 [java] [ERROR] 	at org.gradle.launcher.daemon.server.api.DaemonCommandExecution.proceed(DaemonCommandExecution.java:104)
20-05-2025 22:09:49.912 [java] [ERROR] 	at org.gradle.launcher.daemon.server.exec.EstablishBuildEnvironment.doBuild(EstablishBuildEnvironment.java:84)
20-05-2025 22:09:49.912 [java] [ERROR] 	at org.gradle.launcher.daemon.server.exec.BuildCommandOnly.execute(BuildCommandOnly.java:37)
20-05-2025 22:09:49.912 [java] [ERROR] 	at org.gradle.launcher.daemon.server.api.DaemonCommandExecution.proceed(DaemonCommandExecution.java:104)
20-05-2025 22:09:49.912 [java] [ERROR] 	at org.gradle.launcher.daemon.server.exec.StartBuildOrRespondWithBusy$1.run(StartBuildOrRespondWithBusy.java:52)
20-05-2025 22:09:49.913 [java] [ERROR] 	at org.gradle.launcher.daemon.server.DaemonStateCoordinator$1.run(DaemonStateCoordinator.java:297)
20-05-2025 22:09:49.913 [java] [ERROR] 	at org.gradle.internal.concurrent.ExecutorPolicy$CatchAndRecordFailures.onExecute(ExecutorPolicy.java:64)
20-05-2025 22:09:49.913 [java] [ERROR] 	at org.gradle.internal.concurrent.ManagedExecutorImpl$1.run(ManagedExecutorImpl.java:48)
20-05-2025 22:09:49.913 [java] [ERROR] 	at java.base/java.util.concurrent.ThreadPoolExecutor.runWorker(ThreadPoolExecutor.java:1144)
20-05-2025 22:09:49.913 [java] [ERROR] 	at java.base/java.util.concurrent.ThreadPoolExecutor$Worker.run(ThreadPoolExecutor.java:642)
20-05-2025 22:09:49.913 [java] [ERROR] 	at org.gradle.internal.concurrent.ThreadFactoryImpl$ManagedThreadRunnable.run(ThreadFactoryImpl.java:56)
20-05-2025 22:09:49.913 [java] [ERROR] 	at java.base/java.lang.Thread.run(Thread.java:1583)
20-05-2025 22:09:49.913 [java] [ERROR] 1 error
20-05-2025 22:09:49.913 [java] [ERROR] * Try:
20-05-2025 22:09:49.913 [java] [ERROR] Run with
20-05-2025 22:09:49.913 [java] [ERROR] --stacktrace
20-05-2025 22:09:49.913 [java] [ERROR] option to get the stack trace. Run with
20-05-2025 22:09:49.913 [java] [ERROR] --info
20-05-2025 22:09:49.913 [java] [ERROR] or
20-05-2025 22:09:49.913 [java] [ERROR] --debug
20-05-2025 22:09:49.913 [java] [ERROR] option to get more log output. Run with
20-05-2025 22:09:49.913 [java] [ERROR] --scan
20-05-2025 22:09:49.913 [java] [ERROR] to get full insights.
20-05-2025 22:09:49.913 [java] [ERROR] * Get more help at
20-05-2025 22:09:49.913 [java] [ERROR] https://help.gradle.org
20-05-2025 22:09:49.913 [java] [ERROR] BUILD FAILED
20-05-2025 22:09:49.913 [java] [ERROR] in 699ms
20-05-2025 22:09:49.949 [java] [ERROR] exit status 1
20-05-2025 22:09:49.949 [java] [ERROR] Installed version of gauge-java (0.12.0) does not match with dependency gauge-java () specified in build.gradle file
20-05-2025 22:09:49.969 [java] [DEBUG] running - C:\Program Files\Eclipse Adoptium\jdk-21.0.6.7-hotspot\bin\javac.exe [-encoding UTF-8 -d gauge_bin @C:\Users\kaops\AppData\Local\Temp\gauge_temp3333698406\5f3f7e4da931fd30d3ee7d3f8e6dff08]
20-05-2025 22:09:49.969 [java] [DEBUG] stdout/stderr is logged to logs\24764-javac.exe.out
20-05-2025 22:09:50.822 [java] [DEBUG] classpath set to C:\Users\kaops\AppData\Roaming\gauge\plugins\java\0.12.0\*;C:\Users\kaops\AppData\Roaming\gauge\plugins\java\0.12.0\libs\*;d:\DST2024\Semester 2\Agile\bddgauge\libs\*;gauge_bin
20-05-2025 22:09:50.851 [java] [DEBUG] found java executable in C:\Program Files\Eclipse Adoptium\jdk-21.0.6.7-hotspot\bin\java.exe
20-05-2025 22:09:50.851 [java] [DEBUG] running - C:\Program Files\Eclipse Adoptium\jdk-21.0.6.7-hotspot\bin\java.exe [-Dfile.encoding=UTF-8 com.thoughtworks.gauge.GaugeRuntime --start]
20-05-2025 22:09:50.851 [java] [DEBUG] stdout/stderr is logged to logs\24764-java.exe.out
20-05-2025 22:09:50.970 [java] [DEBUG] multithreading is set to false
20-05-2025 22:09:51.337 [java] [DEBUG] Using reflection to scan dependencies for gauge implementations...
20-05-2025 22:09:51.367 [java] [ERROR] SLF4J: Failed to load class "org.slf4j.impl.StaticLoggerBinder".
20-05-2025 22:09:51.367 [java] [ERROR] SLF4J: Defaulting to no-operation (NOP) logger implementation
20-05-2025 22:09:51.367 [java] [ERROR] SLF4J: See http://www.slf4j.org/codes.html#StaticLoggerBinder for further details.
20-05-2025 22:09:52.124 [java] [DEBUG] gauge-java took 1133milliseconds to load and scan. This should be less than 'runner_connection_timeout' config value.
20-05-2025 22:09:52.124 [java] [DEBUG] run 'gauge config runner_connection_timeout' and verify that it is < 1133
20-05-2025 22:09:52.124 [java] [DEBUG] starting gRPC server...
20-05-2025 22:09:52.505 [java] [DEBUG] started gRPC server on port 32804
20-05-2025 22:09:52.509 [Gauge] [DEBUG] Attempting to connect to grpc server at port: 32804
20-05-2025 22:09:52.509 [Gauge] [DEBUG] Successfully made the connection with runner with port: 32804
20-05-2025 22:09:52.509 [Gauge] [INFO] LangServer: reading on stdin, writing on stdout
20-05-2025 22:09:52.529 [Gauge] [DEBUG] Validation started.
20-05-2025 22:09:52.543 [Gauge] [DEBUG] notif #0: workspace/didChangeConfiguration: Updated settings.
20-05-2025 22:09:53.493 [java] [DEBUG] Scanning packages for steps
20-05-2025 22:09:53.518 [java] [DEBUG] Comparing 'example.StepImplementation.verifyVowelsCountInWord' and 'example.StepImplementation.verifyVowelsCountInWord'
20-05-2025 22:09:53.524 [java] [DEBUG] Found The word {} has {} vowels. in current project scope.
20-05-2025 22:09:53.524 [java] [DEBUG] Comparing 'example.StepImplementation.setLanguageVowels' and 'example.StepImplementation.setLanguageVowels'
20-05-2025 22:09:53.524 [java] [DEBUG] Found Vowels in English language are {}. in current project scope.
20-05-2025 22:09:53.525 [java] [DEBUG] Comparing 'example.StepImplementation.verifyVowelsCountInMultipleWords' and 'example.StepImplementation.verifyVowelsCountInMultipleWords'
20-05-2025 22:09:53.525 [java] [DEBUG] Found Almost all words have vowels {} in current project scope.
20-05-2025 22:09:53.525 [java] [DEBUG] Scanning packages for hooks
20-05-2025 22:09:53.537 [java] [DEBUG] Scanned steps (using static parsing + reflections): 
20-05-2025 22:09:53.538 [java] [DEBUG] 	The word {} has {} vowels. : public void verifyVowelsCountInWord(String word, int expectedCount)
20-05-2025 22:09:53.538 [java] [DEBUG] 	Almost all words have vowels {} : public void verifyVowelsCountInMultipleWords(Table wordsTable)
20-05-2025 22:09:53.538 [java] [DEBUG] 	Vowels in English language are {}. : public void setLanguageVowels(String vowelString)
20-05-2025 22:09:53.732 [Gauge] [DEBUG] Spec file removed: d:\DST2024\Semester 2\Agile\bddgauge\specs\example.spec
20-05-2025 22:09:53.732 [Gauge] [DEBUG] Spec file added / modified: d:\DST2024\Semester 2\Agile\bddgauge\specs\login.spec
20-05-2025 22:09:54.508 [Gauge] [DEBUG] Validation started.
20-05-2025 22:10:07.316 [Gauge] [DEBUG] Validation started.
20-05-2025 22:13:05.855 [Gauge] [DEBUG] Validation started.
20-05-2025 22:13:11.147 [Gauge] [DEBUG] Validation started.
20-05-2025 22:13:24.550 [Gauge] [DEBUG] Validation started.
20-05-2025 22:13:31.490 [Gauge] [DEBUG] Validation started.
20-05-2025 22:13:31.816 [Gauge] [DEBUG] Validation started.
20-05-2025 22:13:55.162 [Gauge] [DEBUG] Validation started.
20-05-2025 22:13:55.470 [Gauge] [DEBUG] Validation started.
20-05-2025 22:13:55.481 [Gauge] [DEBUG] Validation started.
20-05-2025 22:14:03.747 [Gauge] [DEBUG] Validation started.
20-05-2025 22:14:13.700 [Gauge] [DEBUG] Validation started.
20-05-2025 22:14:16.487 [Gauge] [DEBUG] Validation started.
20-05-2025 22:14:34.832 [Gauge] [DEBUG] Validation started.
20-05-2025 22:17:30.843 [Gauge] [DEBUG] Validation started.
20-05-2025 22:18:25.102 [Gauge] [DEBUG] Validation started.
20-05-2025 22:18:27.030 [Gauge] [DEBUG] Validation started.
20-05-2025 22:18:30.931 [Gauge] [DEBUG] Validation started.
20-05-2025 22:18:31.696 [Gauge] [DEBUG] Validation started.
20-05-2025 22:19:42.228 [Gauge] [DEBUG] Validation started.
20-05-2025 22:19:42.492 [Gauge] [DEBUG] Validation started.
20-05-2025 22:19:57.814 [Gauge] [DEBUG] Validation started.
20-05-2025 22:20:05.358 [Gauge] [DEBUG] Validation started.
20-05-2025 22:20:07.531 [Gauge] [DEBUG] Validation started.
20-05-2025 22:20:12.084 [Gauge] [DEBUG] Validation started.
20-05-2025 22:20:17.471 [Gauge] [DEBUG] Validation started.
20-05-2025 22:20:19.780 [Gauge] [DEBUG] Validation started.
20-05-2025 22:20:28.288 [Gauge] [DEBUG] Validation started.
20-05-2025 22:20:38.441 [Gauge] [DEBUG] Validation started.
20-05-2025 22:20:43.146 [Gauge] [DEBUG] Validation started.
20-05-2025 22:20:45.147 [Gauge] [DEBUG] Validation started.
20-05-2025 22:20:49.993 [Gauge] [DEBUG] Validation started.
20-05-2025 22:20:55.559 [Gauge] [DEBUG] Validation started.
20-05-2025 22:21:01.399 [Gauge] [DEBUG] Validation started.
20-05-2025 22:21:04.875 [Gauge] [DEBUG] Validation started.
20-05-2025 22:21:11.027 [Gauge] [DEBUG] Validation started.
20-05-2025 22:21:17.176 [Gauge] [DEBUG] Validation started.
20-05-2025 22:21:21.287 [Gauge] [DEBUG] Validation started.
20-05-2025 22:21:23.891 [Gauge] [DEBUG] Validation started.
20-05-2025 22:21:24.958 [Gauge] [DEBUG] Validation started.
20-05-2025 22:21:26.232 [Gauge] [DEBUG] Validation started.
20-05-2025 22:21:29.088 [Gauge] [DEBUG] Validation started.
20-05-2025 22:21:35.494 [Gauge] [DEBUG] Validation started.
20-05-2025 22:21:40.598 [Gauge] [DEBUG] Validation started.
20-05-2025 22:21:43.638 [Gauge] [DEBUG] Validation started.
20-05-2025 22:21:48.352 [Gauge] [DEBUG] Validation started.
20-05-2025 22:21:48.688 [Gauge] [DEBUG] Validation started.
20-05-2025 22:21:51.619 [Gauge] [DEBUG] Validation started.
20-05-2025 22:23:09.309 [Gauge] [DEBUG] Validation started.
20-05-2025 22:26:09.761 [Gauge] [DEBUG] Validation started.
20-05-2025 22:26:16.578 [Gauge] [DEBUG] Validation started.
20-05-2025 22:26:20.916 [Gauge] [DEBUG] Validation started.
20-05-2025 22:29:36.351 [java] [DEBUG] Killing Java runner...
20-05-2025 22:29:36.351 [java] [DEBUG] Stopping execution pool...
20-05-2025 22:29:36.351 [java] [DEBUG] Shutting down grpc server...
20-05-2025 22:29:36.362 [Gauge] [INFO] Connection closed
20-05-2025 22:29:51.978 [Gauge] [INFO] Initializing concepts cache with 0 concepts
20-05-2025 22:29:51.981 [Gauge] [INFO] Initializing specs cache with 1 specs
20-05-2025 22:29:51.981 [Gauge] [DEBUG] Adding specs from d:\DST2024\Semester 2\Agile\bddgauge\specs\login.spec
20-05-2025 22:29:51.981 [Gauge] [INFO] Initializing steps cache with 1 steps
20-05-2025 22:29:51.982 [Gauge] [DEBUG] Watching directory: d:\DST2024\Semester 2\Agile\bddgauge\specs
20-05-2025 22:29:51.985 [Gauge] [DEBUG] Found 1 files
20-05-2025 22:29:51.985 [Gauge] [INFO] Starting language runner
20-05-2025 22:29:52.026 [java] [DEBUG] ***** Printing Properties/Env Values *****
20-05-2025 22:29:52.026 [java] [DEBUG] PATH: C:\Program Files\Eclipse Adoptium\jdk-17.0.14.7-hotspot\bin;C:\Program Files\Eclipse Adoptium\jdk-21.0.6.7-hotspot\bin;C:\Windows\system32;C:\Windows;C:\Windows\System32\Wbem;C:\Windows\System32\WindowsPowerShell\v1.0\;C:\Windows\System32\OpenSSH\;C:\Program Files (x86)\NVIDIA Corporation\PhysX\Common;C:\Program Files\NVIDIA Corporation\NVIDIA NvDLISR;C:\Program Files (x86)\Windows Kits\10\Windows Performance Toolkit\;C:\Program Files\nodejs\;C:\Program Files\Git\cmd;C:\Program Files\Vagrant\bin;C:\Program Files\Docker\Docker\resources\bin;C:\Program Files\k6\;C:\WINDOWS\system32;C:\WINDOWS;C:\WINDOWS\System32\Wbem;C:\WINDOWS\System32\WindowsPowerShell\v1.0\;C:\WINDOWS\System32\OpenSSH\;C:\Program Files (x86)\Pulse Secure\VC142.CRT\X64\;C:\Program Files (x86)\Pulse Secure\VC142.CRT\X86\;C:\Program Files (x86)\Common Files\Pulse Secure\TNC Client Plugin\;C:\Program Files\Gauge\bin;C:\Users\kaops\AppData\Local\Programs\Python\Python311\Scripts\;C:\Users\kaops\AppData\Local\Programs\Python\Python313\Scripts\;C:\Users\kaops\AppData\Local\Programs\Python\Launcher\;C:\Program Files\Eclipse Adoptium\jdk-21.0.6.7-hotspot\bin;C:\Program Files\Common Files\Oracle\Java\javapath;C:\Program Files (x86)\Common Files\Oracle\Java\javapath;C:\Windows\system32;C:\Windows;C:\Windows\System32\Wbem;C:\Windows\System32\WindowsPowerShell\v1.0\;C:\Windows\System32\OpenSSH\;C:\Program Files (x86)\NVIDIA Corporation\PhysX\Common;C:\Program Files\NVIDIA Corporation\NVIDIA NvDLISR;C:\Program Files (x86)\Windows Kits\10\Windows Performance Toolkit\;C:\Program Files\nodejs\;C:\Program Files\Git\cmd;C:\Program Files\Vagrant\bin;C:\Program Files\Docker\Docker\resources\bin;C:\Program Files\k6\;C:\WINDOWS\system32;C:\WINDOWS;C:\WINDOWS\System32\Wbem;C:\WINDOWS\System32\WindowsPowerShell\v1.0\;C:\WINDOWS\System32\OpenSSH\;C:\Program Files (x86)\Pulse Secure\VC142.CRT\X64\;C:\Program Files (x86)\Pulse Secure\VC142.CRT\X86\;C:\Program Files (x86)\Common Files\Pulse Secure\TNC Client Plugin\;C:\Ruby33-x64\bin;C:\Users\kaops\AppData\Local\Programs\Python\Python312\;C:\Program Files\MySQL\M;C:\Program Files\PostgreSQL\16\bin;C:\Users\kaops\AppData\Local\Programs\Microsoft VS Code\bin;C:\Users\kaops\AppData\Local\Programs\Python\Python312\Scripts\;C:\Gradle\gradle-8.14\bin;;C:\Users\kaops\AppData\Roaming\gauge\plugins\screenshot\0.3.1
20-05-2025 22:29:52.026 [java] [DEBUG] JAVA_HOME: C:\Program Files\Eclipse Adoptium\jdk-21.0.6.7-hotspot
20-05-2025 22:29:52.026 [java] [DEBUG] gauge_project_root: d:\DST2024\Semester 2\Agile\bddgauge
20-05-2025 22:29:52.026 [java] [DEBUG] gauge_parallel_streams_count: 
20-05-2025 22:29:52.026 [java] [DEBUG] gauge_reports_dir: reports
20-05-2025 22:29:52.026 [java] [DEBUG] overwrite_reports: true
20-05-2025 22:29:52.026 [java] [DEBUG] logs_directory: logs
20-05-2025 22:29:52.026 [java] [DEBUG] enable_multithreading: false
20-05-2025 22:29:52.026 [java] [DEBUG] gauge_specs_dir: specs
20-05-2025 22:29:52.026 [java] [DEBUG] csv_delimiter: ,
20-05-2025 22:29:52.026 [java] [DEBUG] gauge_java_home: 
20-05-2025 22:29:52.026 [java] [DEBUG] gauge_custom_build_path: 
20-05-2025 22:29:52.026 [java] [DEBUG] gauge_additional_libs: libs/*
20-05-2025 22:29:52.026 [java] [DEBUG] gauge_jvm_args: 
20-05-2025 22:29:52.026 [java] [DEBUG] gauge_custom_compile_dir: 
20-05-2025 22:29:52.026 [java] [DEBUG] gauge_clear_state_level: scenario
20-05-2025 22:29:52.026 [java] [DEBUG] ***** END *****
20-05-2025 22:29:53.487 [java] [ERROR] FAILURE: Build failed with an exception.
20-05-2025 22:29:53.487 [java] [ERROR] * Where:
20-05-2025 22:29:53.487 [java] [ERROR] Build file 'D:\DST2024\Semester 2\Agile\bddgauge\build.gradle'
20-05-2025 22:29:53.487 [java] [ERROR] * What went wrong:
20-05-2025 22:29:53.487 [java] [ERROR] Could not compile build file 'D:\DST2024\Semester 2\Agile\bddgauge\build.gradle'.
20-05-2025 22:29:53.487 [java] [ERROR] >
20-05-2025 22:29:53.487 [java] [ERROR] startup failed:
20-05-2025 22:29:53.487 [java] [ERROR] General error during semantic analysis: Unsupported class file major version 65
20-05-2025 22:29:53.487 [java] [ERROR] java.lang.IllegalArgumentException: Unsupported class file major version 65
20-05-2025 22:29:53.487 [java] [ERROR] 	at groovyjarjarasm.asm.ClassReader.<init>(ClassReader.java:196)
20-05-2025 22:29:53.487 [java] [ERROR] 	at groovyjarjarasm.asm.ClassReader.<init>(ClassReader.java:177)
20-05-2025 22:29:53.487 [java] [ERROR] 	at groovyjarjarasm.asm.ClassReader.<init>(ClassReader.java:163)
20-05-2025 22:29:53.488 [java] [ERROR] 	at groovyjarjarasm.asm.ClassReader.<init>(ClassReader.java:284)
20-05-2025 22:29:53.488 [java] [ERROR] 	at org.codehaus.groovy.ast.decompiled.AsmDecompiler.parseClass(AsmDecompiler.java:81)
20-05-2025 22:29:53.488 [java] [ERROR] 	at org.codehaus.groovy.control.ClassNodeResolver.findDecompiled(ClassNodeResolver.java:251)
20-05-2025 22:29:53.488 [java] [ERROR] 	at org.codehaus.groovy.control.ClassNodeResolver.tryAsLoaderClassOrScript(ClassNodeResolver.java:189)
20-05-2025 22:29:53.488 [java] [ERROR] 	at org.codehaus.groovy.control.ClassNodeResolver.findClassNode(ClassNodeResolver.java:169)
20-05-2025 22:29:53.488 [java] [ERROR] 	at org.codehaus.groovy.control.ClassNodeResolver.resolveName(ClassNodeResolver.java:125)
20-05-2025 22:29:53.488 [java] [ERROR] 	at org.codehaus.groovy.ast.decompiled.AsmReferenceResolver.resolveClassNullable(AsmReferenceResolver.java:57)
20-05-2025 22:29:53.488 [java] [ERROR] 	at org.codehaus.groovy.ast.decompiled.AsmReferenceResolver.resolveClass(AsmReferenceResolver.java:44)
20-05-2025 22:29:53.488 [java] [ERROR] 	at org.codehaus.groovy.ast.decompiled.AsmReferenceResolver.resolveNonArrayType(AsmReferenceResolver.java:79)
20-05-2025 22:29:53.489 [java] [ERROR] 	at org.codehaus.groovy.ast.decompiled.AsmReferenceResolver.resolveType(AsmReferenceResolver.java:70)
20-05-2025 22:29:53.489 [java] [ERROR] 	at org.codehaus.groovy.ast.decompiled.MemberSignatureParser.createMethodNode(MemberSignatureParser.java:57)
20-05-2025 22:29:53.489 [java] [ERROR] 	at org.codehaus.groovy.ast.decompiled.DecompiledClassNode$2.get(DecompiledClassNode.java:234)
20-05-2025 22:29:53.489 [java] [ERROR] 	at org.codehaus.groovy.ast.decompiled.DecompiledClassNode$2.get(DecompiledClassNode.java:231)
20-05-2025 22:29:53.489 [java] [ERROR] 	at org.codehaus.groovy.ast.decompiled.DecompiledClassNode.createMethodNode(DecompiledClassNode.java:242)
20-05-2025 22:29:53.489 [java] [ERROR] 	at org.codehaus.groovy.ast.decompiled.DecompiledClassNode.lazyInitMembers(DecompiledClassNode.java:199)
20-05-2025 22:29:53.489 [java] [ERROR] 	at org.codehaus.groovy.ast.decompiled.DecompiledClassNode.getDeclaredMethods(DecompiledClassNode.java:122)
20-05-2025 22:29:53.489 [java] [ERROR] 	at org.codehaus.groovy.ast.ClassNode.getMethods(ClassNode.java:912)
20-05-2025 22:29:53.489 [java] [ERROR] 	at org.codehaus.groovy.ast.ClassNode.tryFindPossibleMethod(ClassNode.java:1280)
20-05-2025 22:29:53.489 [java] [ERROR] 	at org.codehaus.groovy.control.StaticImportVisitor.transformMethodCallExpression(StaticImportVisitor.java:252)
20-05-2025 22:29:53.489 [java] [ERROR] 	at org.codehaus.groovy.control.StaticImportVisitor.transform(StaticImportVisitor.java:113)
20-05-2025 22:29:53.489 [java] [ERROR] 	at org.codehaus.groovy.ast.ClassCodeExpressionTransformer.visitExpressionStatement(ClassCodeExpressionTransformer.java:142)
20-05-2025 22:29:53.489 [java] [ERROR] 	at org.codehaus.groovy.ast.stmt.ExpressionStatement.visit(ExpressionStatement.java:40)
20-05-2025 22:29:53.489 [java] [ERROR] 	at org.codehaus.groovy.ast.ClassCodeVisitorSupport.visitClassCodeContainer(ClassCodeVisitorSupport.java:110)
20-05-2025 22:29:53.489 [java] [ERROR] 	at org.codehaus.groovy.ast.ClassCodeVisitorSupport.visitConstructorOrMethod(ClassCodeVisitorSupport.java:121)
20-05-2025 22:29:53.490 [java] [ERROR] 	at org.codehaus.groovy.ast.ClassCodeExpressionTransformer.visitConstructorOrMethod(ClassCodeExpressionTransformer.java:53)
20-05-2025 22:29:53.490 [java] [ERROR] 	at org.codehaus.groovy.control.StaticImportVisitor.visitConstructorOrMethod(StaticImportVisitor.java:89)
20-05-2025 22:29:53.490 [java] [ERROR] 	at org.codehaus.groovy.ast.ClassCodeVisitorSupport.visitConstructor(ClassCodeVisitorSupport.java:128)
20-05-2025 22:29:53.490 [java] [ERROR] 	at org.codehaus.groovy.ast.ClassNode.visitContents(ClassNode.java:1099)
20-05-2025 22:29:53.490 [java] [ERROR] 	at org.codehaus.groovy.ast.ClassCodeVisitorSupport.visitClass(ClassCodeVisitorSupport.java:54)
20-05-2025 22:29:53.490 [java] [ERROR] 	at org.codehaus.groovy.control.StaticImportVisitor.visitClass(StaticImportVisitor.java:83)
20-05-2025 22:29:53.490 [java] [ERROR] 	at org.codehaus.groovy.control.CompilationUnit$14.call(CompilationUnit.java:708)
20-05-2025 22:29:53.490 [java] [ERROR] 	at org.codehaus.groovy.control.CompilationUnit.applyToPrimaryClassNodes(CompilationUnit.java:1084)
20-05-2025 22:29:53.490 [java] [ERROR] 	at org.codehaus.groovy.control.CompilationUnit.doPhaseOperation(CompilationUnit.java:640)
20-05-2025 22:29:53.490 [java] [ERROR] 	at org.codehaus.groovy.control.CompilationUnit.processPhaseOperations(CompilationUnit.java:618)
20-05-2025 22:29:53.490 [java] [ERROR] 	at org.codehaus.groovy.control.CompilationUnit.compile(CompilationUnit.java:595)
20-05-2025 22:29:53.490 [java] [ERROR] 	at groovy.lang.GroovyClassLoader.doParseClass(GroovyClassLoader.java:401)
20-05-2025 22:29:53.490 [java] [ERROR] 	at groovy.lang.GroovyClassLoader.access$300(GroovyClassLoader.java:89)
20-05-2025 22:29:53.490 [java] [ERROR] 	at groovy.lang.GroovyClassLoader$5.provide(GroovyClassLoader.java:341)
20-05-2025 22:29:53.490 [java] [ERROR] 	at groovy.lang.GroovyClassLoader$5.provide(GroovyClassLoader.java:338)
20-05-2025 22:29:53.490 [java] [ERROR] 	at org.codehaus.groovy.runtime.memoize.ConcurrentCommonCache.getAndPut(ConcurrentCommonCache.java:147)
20-05-2025 22:29:53.490 [java] [ERROR] 	at groovy.lang.GroovyClassLoader.parseClass(GroovyClassLoader.java:336)
20-05-2025 22:29:53.490 [java] [ERROR] 	at org.gradle.groovy.scripts.internal.DefaultScriptCompilationHandler.compileScript(DefaultScriptCompilationHandler.java:139)
20-05-2025 22:29:53.490 [java] [ERROR] 	at org.gradle.groovy.scripts.internal.DefaultScriptCompilationHandler.compileToDir(DefaultScriptCompilationHandler.java:95)
20-05-2025 22:29:53.490 [java] [ERROR] 	at org.gradle.groovy.scripts.internal.BuildOperationBackedScriptCompilationHandler$2.run(BuildOperationBackedScriptCompilationHandler.java:54)
20-05-2025 22:29:53.490 [java] [ERROR] 	at org.gradle.internal.operations.DefaultBuildOperationRunner$1.execute(DefaultBuildOperationRunner.java:29)
20-05-2025 22:29:53.491 [java] [ERROR] 	at org.gradle.internal.operations.DefaultBuildOperationRunner$1.execute(DefaultBuildOperationRunner.java:26)
20-05-2025 22:29:53.491 [java] [ERROR] 	at org.gradle.internal.operations.DefaultBuildOperationRunner$3.execute(DefaultBuildOperationRunner.java:75)
20-05-2025 22:29:53.491 [java] [ERROR] 	at org.gradle.internal.operations.DefaultBuildOperationRunner$3.execute(DefaultBuildOperationRunner.java:68)
20-05-2025 22:29:53.491 [java] [ERROR] 	at org.gradle.internal.operations.DefaultBuildOperationRunner.execute(DefaultBuildOperationRunner.java:153)
20-05-2025 22:29:53.491 [java] [ERROR] 	at org.gradle.internal.operations.DefaultBuildOperationRunner.execute(DefaultBuildOperationRunner.java:68)
20-05-2025 22:29:53.491 [java] [ERROR] 	at org.gradle.internal.operations.DefaultBuildOperationRunner.run(DefaultBuildOperationRunner.java:56)
20-05-2025 22:29:53.491 [java] [ERROR] 	at org.gradle.internal.operations.DefaultBuildOperationExecutor.lambda$run$1(DefaultBuildOperationExecutor.java:71)
20-05-2025 22:29:53.491 [java] [ERROR] 	at org.gradle.internal.operations.UnmanagedBuildOperationWrapper.runWithUnmanagedSupport(UnmanagedBuildOperationWrapper.java:45)
20-05-2025 22:29:53.491 [java] [ERROR] 	at org.gradle.internal.operations.DefaultBuildOperationExecutor.run(DefaultBuildOperationExecutor.java:71)
20-05-2025 22:29:53.491 [java] [ERROR] 	at org.gradle.groovy.scripts.internal.BuildOperationBackedScriptCompilationHandler.compileToDir(BuildOperationBackedScriptCompilationHandler.java:51)
20-05-2025 22:29:53.491 [java] [ERROR] 	at org.gradle.groovy.scripts.internal.FileCacheBackedScriptClassCompiler$CompileToCrossBuildCacheAction.execute(FileCacheBackedScriptClassCompiler.java:190)
20-05-2025 22:29:53.491 [java] [ERROR] 	at org.gradle.groovy.scripts.internal.FileCacheBackedScriptClassCompiler$CompileToCrossBuildCacheAction.execute(FileCacheBackedScriptClassCompiler.java:170)
20-05-2025 22:29:53.491 [java] [ERROR] 	at org.gradle.groovy.scripts.internal.FileCacheBackedScriptClassCompiler$ProgressReportingInitializer.execute(FileCacheBackedScriptClassCompiler.java:211)
20-05-2025 22:29:53.491 [java] [ERROR] 	at org.gradle.groovy.scripts.internal.FileCacheBackedScriptClassCompiler$ProgressReportingInitializer.execute(FileCacheBackedScriptClassCompiler.java:194)
20-05-2025 22:29:53.491 [java] [ERROR] 	at org.gradle.cache.internal.DefaultPersistentDirectoryCache$Initializer.initialize(DefaultPersistentDirectoryCache.java:100)
20-05-2025 22:29:53.491 [java] [ERROR] 	at org.gradle.cache.internal.FixedSharedModeCrossProcessCacheAccess$1.run(FixedSharedModeCrossProcessCacheAccess.java:86)
20-05-2025 22:29:53.491 [java] [ERROR] 	at org.gradle.cache.internal.DefaultFileLockManager$DefaultFileLock.doWriteAction(DefaultFileLockManager.java:215)
20-05-2025 22:29:53.491 [java] [ERROR] 	at org.gradle.cache.internal.DefaultFileLockManager$DefaultFileLock.writeFile(DefaultFileLockManager.java:205)
20-05-2025 22:29:53.492 [java] [ERROR] 	at org.gradle.cache.internal.FixedSharedModeCrossProcessCacheAccess.open(FixedSharedModeCrossProcessCacheAccess.java:83)
20-05-2025 22:29:53.492 [java] [ERROR] 	at org.gradle.cache.internal.DefaultCacheAccess.open(DefaultCacheAccess.java:139)
20-05-2025 22:29:53.492 [java] [ERROR] 	at org.gradle.cache.internal.DefaultPersistentDirectoryStore.open(DefaultPersistentDirectoryStore.java:89)
20-05-2025 22:29:53.492 [java] [ERROR] 	at org.gradle.cache.internal.DefaultPersistentDirectoryStore.open(DefaultPersistentDirectoryStore.java:43)
20-05-2025 22:29:53.492 [java] [ERROR] 	at org.gradle.cache.internal.DefaultCacheFactory.doOpen(DefaultCacheFactory.java:103)
20-05-2025 22:29:53.492 [java] [ERROR] 	at org.gradle.cache.internal.DefaultCacheFactory.open(DefaultCacheFactory.java:68)
20-05-2025 22:29:53.492 [java] [ERROR] 	at org.gradle.cache.internal.DefaultCacheRepository$PersistentCacheBuilder.open(DefaultCacheRepository.java:126)
20-05-2025 22:29:53.492 [java] [ERROR] 	at org.gradle.groovy.scripts.internal.FileCacheBackedScriptClassCompiler.compile(FileCacheBackedScriptClassCompiler.java:116)
20-05-2025 22:29:53.492 [java] [ERROR] 	at org.gradle.groovy.scripts.internal.CrossBuildInMemoryCachingScriptClassCache.getOrCompile(CrossBuildInMemoryCachingScriptClassCache.java:50)
20-05-2025 22:29:53.493 [java] [ERROR] 	at org.gradle.groovy.scripts.internal.BuildScopeInMemoryCachingScriptClassCompiler.compile(BuildScopeInMemoryCachingScriptClassCompiler.java:50)
20-05-2025 22:29:53.493 [java] [ERROR] 	at org.gradle.groovy.scripts.DefaultScriptCompilerFactory$ScriptCompilerImpl.compile(DefaultScriptCompilerFactory.java:49)
20-05-2025 22:29:53.493 [java] [ERROR] 	at org.gradle.configuration.DefaultScriptPluginFactory$ScriptPluginImpl.apply(DefaultScriptPluginFactory.java:110)
20-05-2025 22:29:53.493 [java] [ERROR] 	at org.gradle.configuration.BuildOperationScriptPlugin$1.run(BuildOperationScriptPlugin.java:65)
20-05-2025 22:29:53.493 [java] [ERROR] 	at org.gradle.internal.operations.DefaultBuildOperationRunner$1.execute(DefaultBuildOperationRunner.java:29)
20-05-2025 22:29:53.493 [java] [ERROR] 	at org.gradle.internal.operations.DefaultBuildOperationRunner$1.execute(DefaultBuildOperationRunner.java:26)
20-05-2025 22:29:53.493 [java] [ERROR] 	at org.gradle.internal.operations.DefaultBuildOperationRunner$3.execute(DefaultBuildOperationRunner.java:75)
20-05-2025 22:29:53.493 [java] [ERROR] 	at org.gradle.internal.operations.DefaultBuildOperationRunner$3.execute(DefaultBuildOperationRunner.java:68)
20-05-2025 22:29:53.493 [java] [ERROR] 	at org.gradle.internal.operations.DefaultBuildOperationRunner.execute(DefaultBuildOperationRunner.java:153)
20-05-2025 22:29:53.493 [java] [ERROR] 	at org.gradle.internal.operations.DefaultBuildOperationRunner.execute(DefaultBuildOperationRunner.java:68)
20-05-2025 22:29:53.493 [java] [ERROR] 	at org.gradle.internal.operations.DefaultBuildOperationRunner.run(DefaultBuildOperationRunner.java:56)
20-05-2025 22:29:53.493 [java] [ERROR] 	at org.gradle.internal.operations.DefaultBuildOperationExecutor.lambda$run$1(DefaultBuildOperationExecutor.java:71)
20-05-2025 22:29:53.493 [java] [ERROR] 	at org.gradle.internal.operations.UnmanagedBuildOperationWrapper.runWithUnmanagedSupport(UnmanagedBuildOperationWrapper.java:45)
20-05-2025 22:29:53.493 [java] [ERROR] 	at org.gradle.internal.operations.DefaultBuildOperationExecutor.run(DefaultBuildOperationExecutor.java:71)
20-05-2025 22:29:53.493 [java] [ERROR] 	at org.gradle.configuration.BuildOperationScriptPlugin.lambda$apply$0(BuildOperationScriptPlugin.java:62)
20-05-2025 22:29:53.493 [java] [ERROR] 	at org.gradle.configuration.internal.DefaultUserCodeApplicationContext.apply(DefaultUserCodeApplicationContext.java:43)
20-05-2025 22:29:53.493 [java] [ERROR] 	at org.gradle.configuration.BuildOperationScriptPlugin.apply(BuildOperationScriptPlugin.java:62)
20-05-2025 22:29:53.493 [java] [ERROR] 	at org.gradle.api.internal.project.DefaultProjectStateRegistry$ProjectStateImpl.lambda$applyToMutableState$0(DefaultProjectStateRegistry.java:250)
20-05-2025 22:29:53.493 [java] [ERROR] 	at org.gradle.api.internal.project.DefaultProjectStateRegistry$ProjectStateImpl.fromMutableState(DefaultProjectStateRegistry.java:277)
20-05-2025 22:29:53.493 [java] [ERROR] 	at org.gradle.api.internal.project.DefaultProjectStateRegistry$ProjectStateImpl.applyToMutableState(DefaultProjectStateRegistry.java:249)
20-05-2025 22:29:53.493 [java] [ERROR] 	at org.gradle.configuration.project.BuildScriptProcessor.execute(BuildScriptProcessor.java:42)
20-05-2025 22:29:53.493 [java] [ERROR] 	at org.gradle.configuration.project.BuildScriptProcessor.execute(BuildScriptProcessor.java:26)
20-05-2025 22:29:53.493 [java] [ERROR] 	at org.gradle.configuration.project.ConfigureActionsProjectEvaluator.evaluate(ConfigureActionsProjectEvaluator.java:35)
20-05-2025 22:29:53.493 [java] [ERROR] 	at org.gradle.configuration.project.LifecycleProjectEvaluator$EvaluateProject.lambda$run$0(LifecycleProjectEvaluator.java:100)
20-05-2025 22:29:53.493 [java] [ERROR] 	at org.gradle.api.internal.project.DefaultProjectStateRegistry$ProjectStateImpl.lambda$applyToMutableState$0(DefaultProjectStateRegistry.java:250)
20-05-2025 22:29:53.493 [java] [ERROR] 	at org.gradle.api.internal.project.DefaultProjectStateRegistry$ProjectStateImpl.lambda$withProjectLock$3(DefaultProjectStateRegistry.java:310)
20-05-2025 22:29:53.493 [java] [ERROR] 	at org.gradle.internal.work.DefaultWorkerLeaseService.withLocks(DefaultWorkerLeaseService.java:213)
20-05-2025 22:29:53.493 [java] [ERROR] 	at org.gradle.api.internal.project.DefaultProjectStateRegistry$ProjectStateImpl.withProjectLock(DefaultProjectStateRegistry.java:310)
20-05-2025 22:29:53.493 [java] [ERROR] 	at org.gradle.api.internal.project.DefaultProjectStateRegistry$ProjectStateImpl.fromMutableState(DefaultProjectStateRegistry.java:291)
20-05-2025 22:29:53.493 [java] [ERROR] 	at org.gradle.api.internal.project.DefaultProjectStateRegistry$ProjectStateImpl.applyToMutableState(DefaultProjectStateRegistry.java:249)
20-05-2025 22:29:53.494 [java] [ERROR] 	at org.gradle.configuration.project.LifecycleProjectEvaluator$EvaluateProject.run(LifecycleProjectEvaluator.java:91)
20-05-2025 22:29:53.494 [java] [ERROR] 	at org.gradle.internal.operations.DefaultBuildOperationRunner$1.execute(DefaultBuildOperationRunner.java:29)
20-05-2025 22:29:53.494 [java] [ERROR] 	at org.gradle.internal.operations.DefaultBuildOperationRunner$1.execute(DefaultBuildOperationRunner.java:26)
20-05-2025 22:29:53.494 [java] [ERROR] 	at org.gradle.internal.operations.DefaultBuildOperationRunner$3.execute(DefaultBuildOperationRunner.java:75)
20-05-2025 22:29:53.494 [java] [ERROR] 	at org.gradle.internal.operations.DefaultBuildOperationRunner$3.execute(DefaultBuildOperationRunner.java:68)
20-05-2025 22:29:53.494 [java] [ERROR] 	at org.gradle.internal.operations.DefaultBuildOperationRunner.execute(DefaultBuildOperationRunner.java:153)
20-05-2025 22:29:53.494 [java] [ERROR] 	at org.gradle.internal.operations.DefaultBuildOperationRunner.execute(DefaultBuildOperationRunner.java:68)
20-05-2025 22:29:53.495 [java] [ERROR] 	at org.gradle.internal.operations.DefaultBuildOperationRunner.run(DefaultBuildOperationRunner.java:56)
20-05-2025 22:29:53.495 [java] [ERROR] 	at org.gradle.internal.operations.DefaultBuildOperationExecutor.lambda$run$1(DefaultBuildOperationExecutor.java:71)
20-05-2025 22:29:53.495 [java] [ERROR] 	at org.gradle.internal.operations.UnmanagedBuildOperationWrapper.runWithUnmanagedSupport(UnmanagedBuildOperationWrapper.java:45)
20-05-2025 22:29:53.495 [java] [ERROR] 	at org.gradle.internal.operations.DefaultBuildOperationExecutor.run(DefaultBuildOperationExecutor.java:71)
20-05-2025 22:29:53.495 [java] [ERROR] 	at org.gradle.configuration.project.LifecycleProjectEvaluator.evaluate(LifecycleProjectEvaluator.java:63)
20-05-2025 22:29:53.495 [java] [ERROR] 	at org.gradle.api.internal.project.DefaultProject.evaluate(DefaultProject.java:721)
20-05-2025 22:29:53.495 [java] [ERROR] 	at org.gradle.api.internal.project.DefaultProject.evaluate(DefaultProject.java:151)
20-05-2025 22:29:53.495 [java] [ERROR] 	at org.gradle.execution.TaskPathProjectEvaluator.configure(TaskPathProjectEvaluator.java:41)
20-05-2025 22:29:53.495 [java] [ERROR] 	at org.gradle.execution.TaskPathProjectEvaluator.configureHierarchy(TaskPathProjectEvaluator.java:67)
20-05-2025 22:29:53.495 [java] [ERROR] 	at org.gradle.configuration.DefaultProjectsPreparer.prepareProjects(DefaultProjectsPreparer.java:46)
20-05-2025 22:29:53.495 [java] [ERROR] 	at org.gradle.configuration.BuildTreePreparingProjectsPreparer.prepareProjects(BuildTreePreparingProjectsPreparer.java:56)
20-05-2025 22:29:53.495 [java] [ERROR] 	at org.gradle.configuration.BuildOperationFiringProjectsPreparer$ConfigureBuild.run(BuildOperationFiringProjectsPreparer.java:52)
20-05-2025 22:29:53.495 [java] [ERROR] 	at org.gradle.internal.operations.DefaultBuildOperationRunner$1.execute(DefaultBuildOperationRunner.java:29)
20-05-2025 22:29:53.495 [java] [ERROR] 	at org.gradle.internal.operations.DefaultBuildOperationRunner$1.execute(DefaultBuildOperationRunner.java:26)
20-05-2025 22:29:53.495 [java] [ERROR] 	at org.gradle.internal.operations.DefaultBuildOperationRunner$3.execute(DefaultBuildOperationRunner.java:75)
20-05-2025 22:29:53.495 [java] [ERROR] 	at org.gradle.internal.operations.DefaultBuildOperationRunner$3.execute(DefaultBuildOperationRunner.java:68)
20-05-2025 22:29:53.495 [java] [ERROR] 	at org.gradle.internal.operations.DefaultBuildOperationRunner.execute(DefaultBuildOperationRunner.java:153)
20-05-2025 22:29:53.495 [java] [ERROR] 	at org.gradle.internal.operations.DefaultBuildOperationRunner.execute(DefaultBuildOperationRunner.java:68)
20-05-2025 22:29:53.495 [java] [ERROR] 	at org.gradle.internal.operations.DefaultBuildOperationRunner.run(DefaultBuildOperationRunner.java:56)
20-05-2025 22:29:53.495 [java] [ERROR] 	at org.gradle.internal.operations.DefaultBuildOperationExecutor.lambda$run$1(DefaultBuildOperationExecutor.java:71)
20-05-2025 22:29:53.495 [java] [ERROR] 	at org.gradle.internal.operations.UnmanagedBuildOperationWrapper.runWithUnmanagedSupport(UnmanagedBuildOperationWrapper.java:45)
20-05-2025 22:29:53.495 [java] [ERROR] 	at org.gradle.internal.operations.DefaultBuildOperationExecutor.run(DefaultBuildOperationExecutor.java:71)
20-05-2025 22:29:53.495 [java] [ERROR] 	at org.gradle.configuration.BuildOperationFiringProjectsPreparer.prepareProjects(BuildOperationFiringProjectsPreparer.java:40)
20-05-2025 22:29:53.495 [java] [ERROR] 	at org.gradle.initialization.DefaultGradleLauncher.prepareProjects(DefaultGradleLauncher.java:226)
20-05-2025 22:29:53.495 [java] [ERROR] 	at org.gradle.initialization.DefaultGradleLauncher.doClassicBuildStages(DefaultGradleLauncher.java:163)
20-05-2025 22:29:53.495 [java] [ERROR] 	at org.gradle.initialization.DefaultGradleLauncher.doBuildStages(DefaultGradleLauncher.java:148)
20-05-2025 22:29:53.495 [java] [ERROR] 	at org.gradle.initialization.DefaultGradleLauncher.executeTasks(DefaultGradleLauncher.java:124)
20-05-2025 22:29:53.495 [java] [ERROR] 	at org.gradle.internal.invocation.GradleBuildController$1.create(GradleBuildController.java:72)
20-05-2025 22:29:53.495 [java] [ERROR] 	at org.gradle.internal.invocation.GradleBuildController$1.create(GradleBuildController.java:67)
20-05-2025 22:29:53.495 [java] [ERROR] 	at org.gradle.internal.work.DefaultWorkerLeaseService.withLocks(DefaultWorkerLeaseService.java:213)
20-05-2025 22:29:53.495 [java] [ERROR] 	at org.gradle.internal.invocation.GradleBuildController.doBuild(GradleBuildController.java:67)
20-05-2025 22:29:53.495 [java] [ERROR] 	at org.gradle.internal.invocation.GradleBuildController.run(GradleBuildController.java:56)
20-05-2025 22:29:53.496 [java] [ERROR] 	at org.gradle.tooling.internal.provider.ExecuteBuildActionRunner.run(ExecuteBuildActionRunner.java:31)
20-05-2025 22:29:53.496 [java] [ERROR] 	at org.gradle.launcher.exec.ChainingBuildActionRunner.run(ChainingBuildActionRunner.java:35)
20-05-2025 22:29:53.496 [java] [ERROR] 	at org.gradle.launcher.exec.BuildOutcomeReportingBuildActionRunner.run(BuildOutcomeReportingBuildActionRunner.java:63)
20-05-2025 22:29:53.496 [java] [ERROR] 	at org.gradle.tooling.internal.provider.ValidatingBuildActionRunner.run(ValidatingBuildActionRunner.java:32)
20-05-2025 22:29:53.496 [java] [ERROR] 	at org.gradle.tooling.internal.provider.FileSystemWatchingBuildActionRunner.run(FileSystemWatchingBuildActionRunner.java:77)
20-05-2025 22:29:53.496 [java] [ERROR] 	at org.gradle.launcher.exec.BuildCompletionNotifyingBuildActionRunner.run(BuildCompletionNotifyingBuildActionRunner.java:41)
20-05-2025 22:29:53.496 [java] [ERROR] 	at org.gradle.launcher.exec.RunAsBuildOperationBuildActionRunner$3.call(RunAsBuildOperationBuildActionRunner.java:49)
20-05-2025 22:29:53.496 [java] [ERROR] 	at org.gradle.launcher.exec.RunAsBuildOperationBuildActionRunner$3.call(RunAsBuildOperationBuildActionRunner.java:44)
20-05-2025 22:29:53.496 [java] [ERROR] 	at org.gradle.internal.operations.DefaultBuildOperationRunner$CallableBuildOperationWorker.execute(DefaultBuildOperationRunner.java:200)
20-05-2025 22:29:53.496 [java] [ERROR] 	at org.gradle.internal.operations.DefaultBuildOperationRunner$CallableBuildOperationWorker.execute(DefaultBuildOperationRunner.java:195)
20-05-2025 22:29:53.496 [java] [ERROR] 	at org.gradle.internal.operations.DefaultBuildOperationRunner$3.execute(DefaultBuildOperationRunner.java:75)
20-05-2025 22:29:53.496 [java] [ERROR] 	at org.gradle.internal.operations.DefaultBuildOperationRunner$3.execute(DefaultBuildOperationRunner.java:68)
20-05-2025 22:29:53.496 [java] [ERROR] 	at org.gradle.internal.operations.DefaultBuildOperationRunner.execute(DefaultBuildOperationRunner.java:153)
20-05-2025 22:29:53.496 [java] [ERROR] 	at org.gradle.internal.operations.DefaultBuildOperationRunner.execute(DefaultBuildOperationRunner.java:68)
20-05-2025 22:29:53.496 [java] [ERROR] 	at org.gradle.internal.operations.DefaultBuildOperationRunner.call(DefaultBuildOperationRunner.java:62)
20-05-2025 22:29:53.496 [java] [ERROR] 	at org.gradle.internal.operations.DefaultBuildOperationExecutor.lambda$call$2(DefaultBuildOperationExecutor.java:76)
20-05-2025 22:29:53.496 [java] [ERROR] 	at org.gradle.internal.operations.UnmanagedBuildOperationWrapper.callWithUnmanagedSupport(UnmanagedBuildOperationWrapper.java:54)
20-05-2025 22:29:53.496 [java] [ERROR] 	at org.gradle.internal.operations.DefaultBuildOperationExecutor.call(DefaultBuildOperationExecutor.java:76)
20-05-2025 22:29:53.496 [java] [ERROR] 	at org.gradle.launcher.exec.RunAsBuildOperationBuildActionRunner.run(RunAsBuildOperationBuildActionRunner.java:44)
20-05-2025 22:29:53.496 [java] [ERROR] 	at org.gradle.launcher.exec.InProcessBuildActionExecuter.lambda$execute$0(InProcessBuildActionExecuter.java:54)
20-05-2025 22:29:53.496 [java] [ERROR] 	at org.gradle.composite.internal.DefaultRootBuildState.run(DefaultRootBuildState.java:86)
20-05-2025 22:29:53.496 [java] [ERROR] 	at org.gradle.launcher.exec.InProcessBuildActionExecuter.execute(InProcessBuildActionExecuter.java:53)
20-05-2025 22:29:53.496 [java] [ERROR] 	at org.gradle.launcher.exec.InProcessBuildActionExecuter.execute(InProcessBuildActionExecuter.java:29)
20-05-2025 22:29:53.496 [java] [ERROR] 	at org.gradle.launcher.exec.BuildTreeScopeLifecycleBuildActionExecuter.lambda$execute$0(BuildTreeScopeLifecycleBuildActionExecuter.java:33)
20-05-2025 22:29:53.496 [java] [ERROR] 	at org.gradle.internal.buildtree.BuildTreeState.run(BuildTreeState.java:49)
20-05-2025 22:29:53.496 [java] [ERROR] 	at org.gradle.launcher.exec.BuildTreeScopeLifecycleBuildActionExecuter.execute(BuildTreeScopeLifecycleBuildActionExecuter.java:32)
20-05-2025 22:29:53.496 [java] [ERROR] 	at org.gradle.launcher.exec.BuildTreeScopeLifecycleBuildActionExecuter.execute(BuildTreeScopeLifecycleBuildActionExecuter.java:27)
20-05-2025 22:29:53.496 [java] [ERROR] 	at org.gradle.tooling.internal.provider.ContinuousBuildActionExecuter.execute(ContinuousBuildActionExecuter.java:104)
20-05-2025 22:29:53.496 [java] [ERROR] 	at org.gradle.tooling.internal.provider.ContinuousBuildActionExecuter.execute(ContinuousBuildActionExecuter.java:55)
20-05-2025 22:29:53.496 [java] [ERROR] 	at org.gradle.tooling.internal.provider.SubscribableBuildActionExecuter.execute(SubscribableBuildActionExecuter.java:64)
20-05-2025 22:29:53.496 [java] [ERROR] 	at org.gradle.tooling.internal.provider.SubscribableBuildActionExecuter.execute(SubscribableBuildActionExecuter.java:37)
20-05-2025 22:29:53.496 [java] [ERROR] 	at org.gradle.tooling.internal.provider.SessionScopeLifecycleBuildActionExecuter.lambda$execute$0(SessionScopeLifecycleBuildActionExecuter.java:54)
20-05-2025 22:29:53.497 [java] [ERROR] 	at org.gradle.internal.session.BuildSessionState.run(BuildSessionState.java:67)
20-05-2025 22:29:53.497 [java] [ERROR] 	at org.gradle.tooling.internal.provider.SessionScopeLifecycleBuildActionExecuter.execute(SessionScopeLifecycleBuildActionExecuter.java:50)
20-05-2025 22:29:53.497 [java] [ERROR] 	at org.gradle.tooling.internal.provider.SessionScopeLifecycleBuildActionExecuter.execute(SessionScopeLifecycleBuildActionExecuter.java:36)
20-05-2025 22:29:53.497 [java] [ERROR] 	at org.gradle.tooling.internal.provider.GradleThreadBuildActionExecuter.execute(GradleThreadBuildActionExecuter.java:36)
20-05-2025 22:29:53.497 [java] [ERROR] 	at org.gradle.tooling.internal.provider.GradleThreadBuildActionExecuter.execute(GradleThreadBuildActionExecuter.java:25)
20-05-2025 22:29:53.497 [java] [ERROR] 	at org.gradle.tooling.internal.provider.StartParamsValidatingActionExecuter.execute(StartParamsValidatingActionExecuter.java:59)
20-05-2025 22:29:53.497 [java] [ERROR] 	at org.gradle.tooling.internal.provider.StartParamsValidatingActionExecuter.execute(StartParamsValidatingActionExecuter.java:31)
20-05-2025 22:29:53.497 [java] [ERROR] 	at org.gradle.tooling.internal.provider.SessionFailureReportingActionExecuter.execute(SessionFailureReportingActionExecuter.java:55)
20-05-2025 22:29:53.497 [java] [ERROR] 	at org.gradle.tooling.internal.provider.SessionFailureReportingActionExecuter.execute(SessionFailureReportingActionExecuter.java:41)
20-05-2025 22:29:53.497 [java] [ERROR] 	at org.gradle.tooling.internal.provider.SetupLoggingActionExecuter.execute(SetupLoggingActionExecuter.java:47)
20-05-2025 22:29:53.497 [java] [ERROR] 	at org.gradle.tooling.internal.provider.SetupLoggingActionExecuter.execute(SetupLoggingActionExecuter.java:31)
20-05-2025 22:29:53.497 [java] [ERROR] 	at org.gradle.launcher.daemon.server.exec.ExecuteBuild.doBuild(ExecuteBuild.java:65)
20-05-2025 22:29:53.497 [java] [ERROR] 	at org.gradle.launcher.daemon.server.exec.BuildCommandOnly.execute(BuildCommandOnly.java:37)
20-05-2025 22:29:53.497 [java] [ERROR] 	at org.gradle.launcher.daemon.server.api.DaemonCommandExecution.proceed(DaemonCommandExecution.java:104)
20-05-2025 22:29:53.497 [java] [ERROR] 	at org.gradle.launcher.daemon.server.exec.WatchForDisconnection.execute(WatchForDisconnection.java:39)
20-05-2025 22:29:53.497 [java] [ERROR] 	at org.gradle.launcher.daemon.server.api.DaemonCommandExecution.proceed(DaemonCommandExecution.java:104)
20-05-2025 22:29:53.497 [java] [ERROR] 	at org.gradle.launcher.daemon.server.exec.ResetDeprecationLogger.execute(ResetDeprecationLogger.java:29)
20-05-2025 22:29:53.497 [java] [ERROR] 	at org.gradle.launcher.daemon.server.api.DaemonCommandExecution.proceed(DaemonCommandExecution.java:104)
20-05-2025 22:29:53.497 [java] [ERROR] 	at org.gradle.launcher.daemon.server.exec.RequestStopIfSingleUsedDaemon.execute(RequestStopIfSingleUsedDaemon.java:35)
20-05-2025 22:29:53.497 [java] [ERROR] 	at org.gradle.launcher.daemon.server.api.DaemonCommandExecution.proceed(DaemonCommandExecution.java:104)
20-05-2025 22:29:53.497 [java] [ERROR] 	at org.gradle.launcher.daemon.server.exec.ForwardClientInput$2.create(ForwardClientInput.java:78)
20-05-2025 22:29:53.497 [java] [ERROR] 	at org.gradle.launcher.daemon.server.exec.ForwardClientInput$2.create(ForwardClientInput.java:75)
20-05-2025 22:29:53.497 [java] [ERROR] 	at org.gradle.util.Swapper.swap(Swapper.java:38)
20-05-2025 22:29:53.497 [java] [ERROR] 	at org.gradle.launcher.daemon.server.exec.ForwardClientInput.execute(ForwardClientInput.java:75)
20-05-2025 22:29:53.497 [java] [ERROR] 	at org.gradle.launcher.daemon.server.api.DaemonCommandExecution.proceed(DaemonCommandExecution.java:104)
20-05-2025 22:29:53.497 [java] [ERROR] 	at org.gradle.launcher.daemon.server.exec.LogAndCheckHealth.execute(LogAndCheckHealth.java:55)
20-05-2025 22:29:53.497 [java] [ERROR] 	at org.gradle.launcher.daemon.server.api.DaemonCommandExecution.proceed(DaemonCommandExecution.java:104)
20-05-2025 22:29:53.497 [java] [ERROR] 	at org.gradle.launcher.daemon.server.exec.LogToClient.doBuild(LogToClient.java:63)
20-05-2025 22:29:53.497 [java] [ERROR] 	at org.gradle.launcher.daemon.server.exec.BuildCommandOnly.execute(BuildCommandOnly.java:37)
20-05-2025 22:29:53.497 [java] [ERROR] 	at org.gradle.launcher.daemon.server.api.DaemonCommandExecution.proceed(DaemonCommandExecution.java:104)
20-05-2025 22:29:53.497 [java] [ERROR] 	at org.gradle.launcher.daemon.server.exec.EstablishBuildEnvironment.doBuild(EstablishBuildEnvironment.java:84)
20-05-2025 22:29:53.498 [java] [ERROR] 	at org.gradle.launcher.daemon.server.exec.BuildCommandOnly.execute(BuildCommandOnly.java:37)
20-05-2025 22:29:53.498 [java] [ERROR] 	at org.gradle.launcher.daemon.server.api.DaemonCommandExecution.proceed(DaemonCommandExecution.java:104)
20-05-2025 22:29:53.498 [java] [ERROR] 	at org.gradle.launcher.daemon.server.exec.StartBuildOrRespondWithBusy$1.run(StartBuildOrRespondWithBusy.java:52)
20-05-2025 22:29:53.498 [java] [ERROR] 	at org.gradle.launcher.daemon.server.DaemonStateCoordinator$1.run(DaemonStateCoordinator.java:297)
20-05-2025 22:29:53.498 [java] [ERROR] 	at org.gradle.internal.concurrent.ExecutorPolicy$CatchAndRecordFailures.onExecute(ExecutorPolicy.java:64)
20-05-2025 22:29:53.498 [java] [ERROR] 	at org.gradle.internal.concurrent.ManagedExecutorImpl$1.run(ManagedExecutorImpl.java:48)
20-05-2025 22:29:53.498 [java] [ERROR] 	at java.base/java.util.concurrent.ThreadPoolExecutor.runWorker(ThreadPoolExecutor.java:1144)
20-05-2025 22:29:53.498 [java] [ERROR] 	at java.base/java.util.concurrent.ThreadPoolExecutor$Worker.run(ThreadPoolExecutor.java:642)
20-05-2025 22:29:53.498 [java] [ERROR] 	at org.gradle.internal.concurrent.ThreadFactoryImpl$ManagedThreadRunnable.run(ThreadFactoryImpl.java:56)
20-05-2025 22:29:53.498 [java] [ERROR] 	at java.base/java.lang.Thread.run(Thread.java:1583)
20-05-2025 22:29:53.498 [java] [ERROR] 1 error
20-05-2025 22:29:53.498 [java] [ERROR] * Try:
20-05-2025 22:29:53.498 [java] [ERROR] Run with --stacktrace option to get the stack trace. Run with --info or
20-05-2025 22:29:53.498 [java] [ERROR] --debug option to get more log output. Run with --scan to get full insights.
20-05-2025 22:29:53.498 [java] [ERROR] * Get more help at https://help.gradle.org
20-05-2025 22:29:53.498 [java] [ERROR] BUILD FAILED in 953ms
20-05-2025 22:29:53.559 [java] [ERROR] exit status 1
20-05-2025 22:29:53.559 [java] [ERROR] Installed version of gauge-java (0.12.0) does not match with dependency gauge-java () specified in build.gradle file
20-05-2025 22:29:53.626 [java] [DEBUG] running - C:\Program Files\Eclipse Adoptium\jdk-21.0.6.7-hotspot\bin\javac.exe [-encoding UTF-8 -d gauge_bin @C:\Users\kaops\AppData\Local\Temp\gauge_temp2969384910\6d7a3cd023056aabeae62a4a41ae6e5e]
20-05-2025 22:29:53.626 [java] [DEBUG] stdout/stderr is logged to logs\25548-javac.exe.out
20-05-2025 22:29:55.112 [java] [DEBUG] classpath set to C:\Users\kaops\AppData\Roaming\gauge\plugins\java\0.12.0\*;C:\Users\kaops\AppData\Roaming\gauge\plugins\java\0.12.0\libs\*;d:\DST2024\Semester 2\Agile\bddgauge\libs\*;gauge_bin
20-05-2025 22:29:55.184 [java] [DEBUG] found java executable in C:\Program Files\Eclipse Adoptium\jdk-21.0.6.7-hotspot\bin\java.exe
20-05-2025 22:29:55.185 [java] [DEBUG] running - C:\Program Files\Eclipse Adoptium\jdk-21.0.6.7-hotspot\bin\java.exe [-Dfile.encoding=UTF-8 com.thoughtworks.gauge.GaugeRuntime --start]
20-05-2025 22:29:55.185 [java] [DEBUG] stdout/stderr is logged to logs\25548-java.exe.out
20-05-2025 22:29:55.418 [java] [DEBUG] multithreading is set to false
20-05-2025 22:29:55.937 [java] [DEBUG] Using reflection to scan dependencies for gauge implementations...
20-05-2025 22:29:55.976 [java] [ERROR] SLF4J: Failed to load class "org.slf4j.impl.StaticLoggerBinder".
20-05-2025 22:29:55.976 [java] [ERROR] SLF4J: Defaulting to no-operation (NOP) logger implementation
20-05-2025 22:29:55.976 [java] [ERROR] SLF4J: See http://www.slf4j.org/codes.html#StaticLoggerBinder for further details.
20-05-2025 22:29:57.256 [java] [DEBUG] gauge-java took 1789milliseconds to load and scan. This should be less than 'runner_connection_timeout' config value.
20-05-2025 22:29:57.261 [java] [DEBUG] run 'gauge config runner_connection_timeout' and verify that it is < 1789
20-05-2025 22:29:57.261 [java] [DEBUG] starting gRPC server...
20-05-2025 22:29:57.690 [java] [DEBUG] started gRPC server on port 33333
20-05-2025 22:29:57.695 [Gauge] [DEBUG] Attempting to connect to grpc server at port: 33333
20-05-2025 22:29:57.695 [Gauge] [DEBUG] Successfully made the connection with runner with port: 33333
20-05-2025 22:29:57.695 [Gauge] [INFO] LangServer: reading on stdin, writing on stdout
20-05-2025 22:29:57.810 [Gauge] [DEBUG] Validation started.
20-05-2025 22:29:57.825 [Gauge] [DEBUG] notif #0: workspace/didChangeConfiguration: Updated settings.
20-05-2025 22:29:58.118 [java] [DEBUG] Scanning packages for steps
20-05-2025 22:29:58.135 [java] [DEBUG] Comparing 'example.StepImplementation.iHaveNavigatedToLoginPage' and 'example.StepImplementation.iHaveNavigatedToLoginPage'
20-05-2025 22:29:58.140 [java] [DEBUG] Found I have navigated to the login page in current project scope.
20-05-2025 22:29:58.140 [java] [DEBUG] Comparing 'example.StepImplementation.shouldRemainOnLoginPage' and 'example.StepImplementation.shouldRemainOnLoginPage'
20-05-2025 22:29:58.140 [java] [DEBUG] Found I should remain on the login page in current project scope.
20-05-2025 22:29:58.140 [java] [DEBUG] Comparing 'example.StepImplementation.shouldRedirectToDashboard' and 'example.StepImplementation.shouldRedirectToDashboard'
20-05-2025 22:29:58.140 [java] [DEBUG] Found I should be redirected to the dashboard in current project scope.
20-05-2025 22:29:58.140 [java] [DEBUG] Comparing 'example.StepImplementation.iAmOnTheLoginPage' and 'example.StepImplementation.iAmOnTheLoginPage'
20-05-2025 22:29:58.140 [java] [DEBUG] Found I am on the login page in current project scope.
20-05-2025 22:29:58.140 [java] [DEBUG] Comparing 'example.StepImplementation.enterIncorrectPassword' and 'example.StepImplementation.enterIncorrectPassword'
20-05-2025 22:29:58.140 [java] [DEBUG] Found I enter my valid username but an incorrect password in current project scope.
20-05-2025 22:29:58.140 [java] [DEBUG] Comparing 'example.StepImplementation.enterEmptyFields' and 'example.StepImplementation.enterEmptyFields'
20-05-2025 22:29:58.140 [java] [DEBUG] Found I leave the username and password fields empty in current project scope.
20-05-2025 22:29:58.140 [java] [DEBUG] Loading I should see an error message saying "Invalid credentialsvia reflected sources.
20-05-2025 22:29:58.146 [java] [DEBUG] Comparing 'example.StepImplementation.shouldSeeWelcomeMessage' and 'example.StepImplementation.shouldSeeWelcomeMessage'
20-05-2025 22:29:58.146 [java] [DEBUG] Found I should see a welcome message in current project scope.
20-05-2025 22:29:58.146 [java] [DEBUG] Loading I should see an error message saying "Username and Password are requiredvia reflected sources.
20-05-2025 22:29:58.146 [java] [DEBUG] Loading I click on the "Login" buttonvia reflected sources.
20-05-2025 22:29:58.146 [java] [DEBUG] Comparing 'example.StepImplementation.enterValidCredentials' and 'example.StepImplementation.enterValidCredentials'
20-05-2025 22:29:58.146 [java] [DEBUG] Found I enter my valid username and password in current project scope.
20-05-2025 22:29:58.146 [java] [DEBUG] Comparing 'example.StepImplementation.iAmRegisteredUser' and 'example.StepImplementation.iAmRegisteredUser'
20-05-2025 22:29:58.146 [java] [DEBUG] Found I am a registered user in current project scope.
20-05-2025 22:29:58.146 [java] [DEBUG] Scanning packages for hooks
20-05-2025 22:29:58.154 [java] [DEBUG] Scanned steps (using static parsing + reflections): 
20-05-2025 22:29:58.154 [java] [DEBUG] 	I should see an error message saying \"Username and Password are required\" : public void shouldSeeEmptyFieldsMessage()
20-05-2025 22:29:58.154 [java] [DEBUG] 	I should see an error message saying \"Invalid credentials\" : public void shouldSeeInvalidCredentialsMessage()
20-05-2025 22:29:58.154 [java] [DEBUG] 	I am on the login page : public void iAmOnTheLoginPage()
20-05-2025 22:29:58.154 [java] [DEBUG] 	I should remain on the login page : public void shouldRemainOnLoginPage()
20-05-2025 22:29:58.154 [java] [DEBUG] 	I should see an error message saying "Invalid credentials : null
20-05-2025 22:29:58.154 [java] [DEBUG] 	I should be redirected to the dashboard : public void shouldRedirectToDashboard()
20-05-2025 22:29:58.154 [java] [DEBUG] 	I have navigated to the login page : public void iHaveNavigatedToLoginPage()
20-05-2025 22:29:58.154 [java] [DEBUG] 	I enter my valid username and password : public void enterValidCredentials()
20-05-2025 22:29:58.154 [java] [DEBUG] 	I click on the \"Login\" button : public void clickLoginButton()
20-05-2025 22:29:58.154 [java] [DEBUG] 	I should see an error message saying "Username and Password are required : null
20-05-2025 22:29:58.154 [java] [DEBUG] 	I click on the "Login" button : null
20-05-2025 22:29:58.154 [java] [DEBUG] 	I am a registered user : public void iAmRegisteredUser()
20-05-2025 22:29:58.154 [java] [DEBUG] 	I enter my valid username but an incorrect password : public void enterIncorrectPassword()
20-05-2025 22:29:58.154 [java] [DEBUG] 	I should see a welcome message : public void shouldSeeWelcomeMessage()
20-05-2025 22:29:58.154 [java] [DEBUG] 	I leave the username and password fields empty : public void enterEmptyFields()
20-05-2025 22:29:59.357 [Gauge] [DEBUG] Validation started.
20-05-2025 22:31:39.303 [Gauge] [DEBUG] Validation started.
20-05-2025 22:32:03.170 [Gauge] [DEBUG] Validation started.
20-05-2025 22:32:51.778 [Gauge] [DEBUG] Validation started.
20-05-2025 22:32:52.215 [Gauge] [DEBUG] Validation started.
20-05-2025 22:32:57.218 [Gauge] [DEBUG] Validation started.
20-05-2025 22:32:58.418 [Gauge] [DEBUG] Validation started.
20-05-2025 22:33:19.806 [Gauge] [DEBUG] request #67: textDocument/codeLens: failed to parse d:\DST2024\Semester 2\Agile\bddgauge\specs\login.spec
d:\DST2024\Semester 2\Agile\bddgauge\specs\login.spec:1 Spec heading not found
20-05-2025 22:33:19.807 [Gauge] [DEBUG] Validation started.
20-05-2025 22:33:19.807 [Gauge] [DEBUG] Validation completed.
20-05-2025 22:33:19.902 [Gauge] [DEBUG] request #68: textDocument/documentSymbol: parsing failed for d:\DST2024\Semester 2\Agile\bddgauge\specs\login.spec. [[ParseError] d:\DST2024\Semester 2\Agile\bddgauge\specs\login.spec:1 Spec heading not found => '']
20-05-2025 22:33:19.905 [Gauge] [DEBUG] request #69: textDocument/documentSymbol: parsing failed for d:\DST2024\Semester 2\Agile\bddgauge\specs\login.spec. [[ParseError] d:\DST2024\Semester 2\Agile\bddgauge\specs\login.spec:1 Spec heading not found => '']
20-05-2025 22:33:20.065 [Gauge] [DEBUG] Spec file added / modified: d:\DST2024\Semester 2\Agile\bddgauge\specs\login.spec
20-05-2025 22:33:20.066 [Gauge] [DEBUG] Spec file added / modified: d:\DST2024\Semester 2\Agile\bddgauge\specs\login.spec
20-05-2025 22:33:32.839 [Gauge] [DEBUG] request #70: textDocument/codeLens: failed to parse d:\DST2024\Semester 2\Agile\bddgauge\specs\login.spec
d:\DST2024\Semester 2\Agile\bddgauge\specs\login.spec:1 Spec heading not found
20-05-2025 22:33:33.594 [Gauge] [DEBUG] request #71: textDocument/codeLens: failed to parse d:\DST2024\Semester 2\Agile\bddgauge\specs\login.spec
d:\DST2024\Semester 2\Agile\bddgauge\specs\login.spec:1 Spec does not have any elements
20-05-2025 22:33:33.594 [Gauge] [DEBUG] Validation started.
20-05-2025 22:33:33.594 [Gauge] [DEBUG] Validation completed.
20-05-2025 22:33:33.701 [Gauge] [DEBUG] request #72: textDocument/documentSymbol: parsing failed for d:\DST2024\Semester 2\Agile\bddgauge\specs\login.spec. [[ParseError] d:\DST2024\Semester 2\Agile\bddgauge\specs\login.spec:1 Spec does not have any elements => '']
20-05-2025 22:33:33.701 [Gauge] [DEBUG] request #73: textDocument/documentSymbol: parsing failed for d:\DST2024\Semester 2\Agile\bddgauge\specs\login.spec. [[ParseError] d:\DST2024\Semester 2\Agile\bddgauge\specs\login.spec:1 Spec does not have any elements => '']
20-05-2025 22:33:33.844 [Gauge] [DEBUG] Spec file added / modified: d:\DST2024\Semester 2\Agile\bddgauge\specs\login.spec
20-05-2025 22:33:36.447 [Gauge] [DEBUG] Validation started.
20-05-2025 22:33:36.699 [Gauge] [DEBUG] Spec file added / modified: d:\DST2024\Semester 2\Agile\bddgauge\specs\login.spec
20-05-2025 22:33:36.709 [Gauge] [DEBUG] Spec file added / modified: d:\DST2024\Semester 2\Agile\bddgauge\specs\login.spec
20-05-2025 22:34:19.208 [Gauge] [DEBUG] Validation started.
20-05-2025 22:34:21.828 [Gauge] [DEBUG] Validation started.
20-05-2025 22:34:28.182 [Gauge] [DEBUG] Validation started.
20-05-2025 22:34:28.590 [Gauge] [DEBUG] Validation started.
20-05-2025 22:34:29.865 [Gauge] [DEBUG] Validation started.
20-05-2025 22:34:38.112 [Gauge] [DEBUG] Validation started.
20-05-2025 22:34:38.849 [Gauge] [DEBUG] Validation started.
20-05-2025 22:34:41.380 [Gauge] [DEBUG] Validation started.
20-05-2025 22:34:41.858 [Gauge] [DEBUG] Validation started.
20-05-2025 22:34:41.882 [Gauge] [DEBUG] Validation completed.
20-05-2025 22:34:45.896 [Gauge] [DEBUG] Validation started.
20-05-2025 22:34:45.908 [Gauge] [DEBUG] Validation completed.
20-05-2025 22:34:46.300 [Gauge] [DEBUG] Validation started.
20-05-2025 22:34:46.311 [Gauge] [DEBUG] Validation completed.
20-05-2025 22:34:49.300 [Gauge] [DEBUG] Validation started.
20-05-2025 22:34:49.738 [Gauge] [DEBUG] Validation started.
20-05-2025 22:34:49.746 [Gauge] [DEBUG] Validation completed.
20-05-2025 22:34:50.482 [Gauge] [DEBUG] Validation started.
20-05-2025 22:34:54.427 [Gauge] [DEBUG] Validation started.
20-05-2025 22:34:54.437 [Gauge] [DEBUG] Validation completed.
20-05-2025 22:34:55.080 [Gauge] [DEBUG] Validation started.
20-05-2025 22:34:55.090 [Gauge] [DEBUG] Validation completed.
20-05-2025 22:34:56.432 [Gauge] [DEBUG] Validation started.
20-05-2025 22:34:56.442 [Gauge] [DEBUG] Validation completed.
20-05-2025 22:34:56.883 [Gauge] [DEBUG] Validation started.
20-05-2025 22:34:56.892 [Gauge] [DEBUG] Validation completed.
20-05-2025 22:35:00.734 [Gauge] [DEBUG] Validation started.
20-05-2025 22:35:01.000 [Gauge] [DEBUG] Validation started.
20-05-2025 22:35:01.448 [Gauge] [DEBUG] Validation started.
20-05-2025 22:35:01.841 [Gauge] [DEBUG] Validation started.
20-05-2025 22:35:11.004 [Gauge] [DEBUG] Validation started.
20-05-2025 22:35:11.342 [Gauge] [DEBUG] Validation started.
20-05-2025 22:35:12.560 [Gauge] [DEBUG] Validation started.
20-05-2025 22:35:15.538 [Gauge] [DEBUG] Validation started.
20-05-2025 22:35:16.146 [Gauge] [DEBUG] Validation started.
20-05-2025 22:35:16.152 [Gauge] [DEBUG] Validation completed.
20-05-2025 22:35:25.463 [Gauge] [DEBUG] Validation started.
20-05-2025 22:35:25.475 [Gauge] [DEBUG] Validation completed.
20-05-2025 22:35:29.296 [Gauge] [DEBUG] Validation started.
20-05-2025 22:36:42.879 [Gauge] [DEBUG] Validation started.
20-05-2025 22:36:50.334 [Gauge] [DEBUG] Validation started.
20-05-2025 22:37:13.177 [Gauge] [DEBUG] Validation started.
20-05-2025 22:37:13.551 [Gauge] [DEBUG] Validation started.
20-05-2025 22:37:13.865 [Gauge] [DEBUG] Validation started.
20-05-2025 22:37:13.872 [Gauge] [DEBUG] Validation completed.
20-05-2025 22:37:14.293 [Gauge] [DEBUG] Validation started.
20-05-2025 22:37:14.303 [Gauge] [DEBUG] Validation completed.
20-05-2025 22:40:50.652 [Gauge] [DEBUG] Validation started.
20-05-2025 22:40:52.255 [Gauge] [DEBUG] Validation started.
20-05-2025 22:40:56.432 [Gauge] [DEBUG] Validation started.
20-05-2025 22:40:56.444 [Gauge] [DEBUG] Validation completed.
20-05-2025 22:42:46.619 [Gauge] [DEBUG] Validation started.
20-05-2025 22:42:54.521 [Gauge] [DEBUG] Validation started.
20-05-2025 22:42:57.702 [Gauge] [DEBUG] Validation started.
20-05-2025 22:44:08.368 [Gauge] [DEBUG] Validation started.
20-05-2025 22:44:08.614 [Gauge] [DEBUG] Spec file added / modified: d:\DST2024\Semester 2\Agile\bddgauge\specs\login.spec
20-05-2025 22:44:08.616 [Gauge] [DEBUG] Spec file added / modified: d:\DST2024\Semester 2\Agile\bddgauge\specs\login.spec
20-05-2025 22:44:09.798 [Gauge] [DEBUG] Validation started.
20-05-2025 22:44:09.857 [Gauge] [DEBUG] request #252: textDocument/definition: Step implementation not found for step : I click on the {} button* I click on the {} button* I should be redirected to the dashboard
20-05-2025 22:44:10.293 [Gauge] [DEBUG] Spec file added / modified: d:\DST2024\Semester 2\Agile\bddgauge\specs\login.spec
20-05-2025 22:44:10.303 [Gauge] [DEBUG] Spec file added / modified: d:\DST2024\Semester 2\Agile\bddgauge\specs\login.spec
20-05-2025 22:44:10.607 [Gauge] [DEBUG] Validation started.
20-05-2025 22:44:11.068 [Gauge] [DEBUG] Spec file added / modified: d:\DST2024\Semester 2\Agile\bddgauge\specs\login.spec
20-05-2025 22:44:11.069 [Gauge] [DEBUG] Spec file added / modified: d:\DST2024\Semester 2\Agile\bddgauge\specs\login.spec
20-05-2025 22:44:12.128 [Gauge] [DEBUG] Validation started.
20-05-2025 22:44:12.553 [Gauge] [DEBUG] Spec file added / modified: d:\DST2024\Semester 2\Agile\bddgauge\specs\login.spec
20-05-2025 22:44:12.564 [Gauge] [DEBUG] Spec file added / modified: d:\DST2024\Semester 2\Agile\bddgauge\specs\login.spec
20-05-2025 22:44:13.806 [Gauge] [DEBUG] Validation started.
20-05-2025 22:44:14.056 [Gauge] [DEBUG] Spec file added / modified: d:\DST2024\Semester 2\Agile\bddgauge\specs\login.spec
20-05-2025 22:44:14.057 [Gauge] [DEBUG] Spec file added / modified: d:\DST2024\Semester 2\Agile\bddgauge\specs\login.spec
20-05-2025 22:44:15.802 [Gauge] [DEBUG] Validation started.
20-05-2025 22:44:16.053 [Gauge] [DEBUG] Spec file added / modified: d:\DST2024\Semester 2\Agile\bddgauge\specs\login.spec
20-05-2025 22:44:16.055 [Gauge] [DEBUG] Spec file added / modified: d:\DST2024\Semester 2\Agile\bddgauge\specs\login.spec
20-05-2025 22:44:57.402 [Gauge] [DEBUG] Validation started.
20-05-2025 22:44:59.770 [Gauge] [DEBUG] Validation started.
20-05-2025 22:45:01.532 [Gauge] [DEBUG] Validation started.
20-05-2025 22:55:27.024 [Gauge] [DEBUG] Validation started.
20-05-2025 22:55:28.988 [Gauge] [DEBUG] Validation started.
20-05-2025 22:55:31.861 [Gauge] [DEBUG] Validation started.
20-05-2025 22:55:45.605 [Gauge] [DEBUG] Validation started.
20-05-2025 22:55:47.706 [Gauge] [DEBUG] Validation started.
20-05-2025 22:57:41.651 [Gauge] [DEBUG] Validation started.
20-05-2025 22:57:43.322 [Gauge] [DEBUG] Validation started.
20-05-2025 22:57:57.884 [Gauge] [DEBUG] Validation started.
20-05-2025 22:57:58.182 [Gauge] [DEBUG] Validation started.
20-05-2025 22:58:05.246 [Gauge] [DEBUG] Validation started.
20-05-2025 22:58:05.498 [Gauge] [DEBUG] Spec file added / modified: d:\DST2024\Semester 2\Agile\bddgauge\specs\login.spec
20-05-2025 22:58:05.508 [Gauge] [DEBUG] Spec file added / modified: d:\DST2024\Semester 2\Agile\bddgauge\specs\login.spec
20-05-2025 22:58:07.067 [Gauge] [DEBUG] request #360: textDocument/definition: Step implementation not found for step : I click on the {} button
20-05-2025 22:58:07.067 [Gauge] [DEBUG] Validation started.
20-05-2025 22:58:07.483 [Gauge] [DEBUG] Spec file added / modified: d:\DST2024\Semester 2\Agile\bddgauge\specs\login.spec
20-05-2025 22:58:07.493 [Gauge] [DEBUG] Spec file added / modified: d:\DST2024\Semester 2\Agile\bddgauge\specs\login.spec
20-05-2025 22:58:08.576 [Gauge] [DEBUG] Validation started.
20-05-2025 22:58:08.827 [Gauge] [DEBUG] Spec file added / modified: d:\DST2024\Semester 2\Agile\bddgauge\specs\login.spec
20-05-2025 22:58:08.838 [Gauge] [DEBUG] Spec file added / modified: d:\DST2024\Semester 2\Agile\bddgauge\specs\login.spec
20-05-2025 22:58:23.153 [Gauge] [DEBUG] Validation started.
20-05-2025 22:58:23.365 [Gauge] [DEBUG] Validation started.
20-05-2025 22:58:23.553 [Gauge] [DEBUG] request #390: textDocument/definition: Step implementation not found for step : I click on the {} button
20-05-2025 22:58:23.664 [Gauge] [DEBUG] Spec file added / modified: d:\DST2024\Semester 2\Agile\bddgauge\specs\login.spec
20-05-2025 22:58:23.666 [Gauge] [DEBUG] Spec file added / modified: d:\DST2024\Semester 2\Agile\bddgauge\specs\login.spec
20-05-2025 22:58:24.974 [Gauge] [DEBUG] Validation started.
20-05-2025 22:58:25.304 [Gauge] [DEBUG] Validation started.
20-05-2025 22:58:25.768 [Gauge] [DEBUG] Validation started.
20-05-2025 23:00:45.060 [Gauge] [DEBUG] Validation started.
20-05-2025 23:00:46.549 [Gauge] [DEBUG] Validation started.
20-05-2025 23:00:48.437 [Gauge] [DEBUG] Validation started.
20-05-2025 23:03:11.577 [Gauge] [DEBUG] request #418: textDocument/definition: Step implementation not found for step : I click on the {} button
20-05-2025 23:03:12.160 [Gauge] [DEBUG] request #421: textDocument/codeLens: failed to parse d:\DST2024\Semester 2\Agile\bddgauge\specs\login.spec
d:\DST2024\Semester 2\Agile\bddgauge\specs\login.spec:7 Dynamic parameter <button> could not be resolved
20-05-2025 23:03:12.162 [Gauge] [DEBUG] Validation started.
20-05-2025 23:03:12.162 [Gauge] [DEBUG] Validation completed.
20-05-2025 23:03:12.254 [Gauge] [DEBUG] request #422: textDocument/documentSymbol: parsing failed for d:\DST2024\Semester 2\Agile\bddgauge\specs\login.spec. [[ParseError] d:\DST2024\Semester 2\Agile\bddgauge\specs\login.spec:7 Dynamic parameter <button> could not be resolved => 'I click on the <button> button']
20-05-2025 23:03:12.263 [Gauge] [DEBUG] request #423: textDocument/documentSymbol: parsing failed for d:\DST2024\Semester 2\Agile\bddgauge\specs\login.spec. [[ParseError] d:\DST2024\Semester 2\Agile\bddgauge\specs\login.spec:7 Dynamic parameter <button> could not be resolved => 'I click on the <button> button']
20-05-2025 23:03:12.418 [Gauge] [DEBUG] Spec file added / modified: d:\DST2024\Semester 2\Agile\bddgauge\specs\login.spec
20-05-2025 23:03:12.427 [Gauge] [DEBUG] Spec file added / modified: d:\DST2024\Semester 2\Agile\bddgauge\specs\login.spec
20-05-2025 23:03:14.131 [Gauge] [DEBUG] request #424: textDocument/codeLens: failed to parse d:\DST2024\Semester 2\Agile\bddgauge\specs\login.spec
d:\DST2024\Semester 2\Agile\bddgauge\specs\login.spec:7 Dynamic parameter <button> could not be resolved
20-05-2025 23:03:14.133 [Gauge] [DEBUG] Validation started.
20-05-2025 23:03:14.133 [Gauge] [DEBUG] Validation completed.
20-05-2025 23:03:14.230 [Gauge] [DEBUG] request #426: textDocument/documentSymbol: parsing failed for d:\DST2024\Semester 2\Agile\bddgauge\specs\login.spec. [[ParseError] d:\DST2024\Semester 2\Agile\bddgauge\specs\login.spec:7 Dynamic parameter <button> could not be resolved => 'I click on the <button> button']
20-05-2025 23:03:14.238 [Gauge] [DEBUG] request #427: textDocument/documentSymbol: parsing failed for d:\DST2024\Semester 2\Agile\bddgauge\specs\login.spec. [[ParseError] d:\DST2024\Semester 2\Agile\bddgauge\specs\login.spec:7 Dynamic parameter <button> could not be resolved => 'I click on the <button> button']
20-05-2025 23:03:14.383 [Gauge] [DEBUG] Spec file added / modified: d:\DST2024\Semester 2\Agile\bddgauge\specs\login.spec
20-05-2025 23:03:14.384 [Gauge] [DEBUG] Spec file added / modified: d:\DST2024\Semester 2\Agile\bddgauge\specs\login.spec
20-05-2025 23:03:15.776 [Gauge] [DEBUG] request #429: textDocument/codeLens: failed to parse d:\DST2024\Semester 2\Agile\bddgauge\specs\login.spec
d:\DST2024\Semester 2\Agile\bddgauge\specs\login.spec:7 Dynamic parameter <button> could not be resolved
20-05-2025 23:03:15.777 [Gauge] [DEBUG] request #431: textDocument/definition: Step implementation not found for step : I click on the {} button
20-05-2025 23:03:16.092 [Gauge] [DEBUG] Validation started.
20-05-2025 23:03:16.092 [Gauge] [DEBUG] Validation completed.
20-05-2025 23:03:16.204 [Gauge] [DEBUG] request #433: textDocument/codeLens: failed to parse d:\DST2024\Semester 2\Agile\bddgauge\specs\login.spec
d:\DST2024\Semester 2\Agile\bddgauge\specs\login.spec:7 Dynamic parameter <button> could not be resolved
20-05-2025 23:03:16.315 [Gauge] [DEBUG] request #434: textDocument/definition: Step implementation not found for step : I click on the {} button
20-05-2025 23:03:16.315 [Gauge] [DEBUG] Validation started.
20-05-2025 23:03:16.729 [Gauge] [DEBUG] Spec file added / modified: d:\DST2024\Semester 2\Agile\bddgauge\specs\login.spec
20-05-2025 23:03:16.731 [Gauge] [DEBUG] Spec file added / modified: d:\DST2024\Semester 2\Agile\bddgauge\specs\login.spec
20-05-2025 23:03:21.388 [Gauge] [DEBUG] Validation started.
20-05-2025 23:03:21.388 [Gauge] [DEBUG] Validation completed.
20-05-2025 23:03:21.547 [Gauge] [DEBUG] request #445: textDocument/codeLens: failed to parse d:\DST2024\Semester 2\Agile\bddgauge\specs\login.spec
d:\DST2024\Semester 2\Agile\bddgauge\specs\login.spec:7 Dynamic parameter <button> could not be resolved
20-05-2025 23:03:21.648 [Gauge] [DEBUG] request #447: textDocument/documentSymbol: parsing failed for d:\DST2024\Semester 2\Agile\bddgauge\specs\login.spec. [[ParseError] d:\DST2024\Semester 2\Agile\bddgauge\specs\login.spec:7 Dynamic parameter <button> could not be resolved => 'I click on the <button> button']
20-05-2025 23:03:21.648 [Gauge] [DEBUG] request #448: textDocument/documentSymbol: parsing failed for d:\DST2024\Semester 2\Agile\bddgauge\specs\login.spec. [[ParseError] d:\DST2024\Semester 2\Agile\bddgauge\specs\login.spec:7 Dynamic parameter <button> could not be resolved => 'I click on the <button> button']
20-05-2025 23:03:21.813 [Gauge] [DEBUG] Spec file added / modified: d:\DST2024\Semester 2\Agile\bddgauge\specs\login.spec
20-05-2025 23:03:21.814 [Gauge] [DEBUG] Spec file added / modified: d:\DST2024\Semester 2\Agile\bddgauge\specs\login.spec
20-05-2025 23:03:24.220 [Gauge] [DEBUG] request #450: textDocument/codeLens: failed to parse d:\DST2024\Semester 2\Agile\bddgauge\specs\login.spec
d:\DST2024\Semester 2\Agile\bddgauge\specs\login.spec:7 Dynamic parameter <button> could not be resolved
d:\DST2024\Semester 2\Agile\bddgauge\specs\login.spec:15 Dynamic parameter <button> could not be resolved
20-05-2025 23:03:24.221 [Gauge] [DEBUG] Validation started.
20-05-2025 23:03:24.221 [Gauge] [DEBUG] Validation completed.
20-05-2025 23:03:24.317 [Gauge] [DEBUG] request #452: textDocument/documentSymbol: parsing failed for d:\DST2024\Semester 2\Agile\bddgauge\specs\login.spec. [[ParseError] d:\DST2024\Semester 2\Agile\bddgauge\specs\login.spec:7 Dynamic parameter <button> could not be resolved => 'I click on the <button> button' [ParseError] d:\DST2024\Semester 2\Agile\bddgauge\specs\login.spec:15 Dynamic parameter <button> could not be resolved => 'I click on the <button> button']
20-05-2025 23:03:24.327 [Gauge] [DEBUG] request #453: textDocument/documentSymbol: parsing failed for d:\DST2024\Semester 2\Agile\bddgauge\specs\login.spec. [[ParseError] d:\DST2024\Semester 2\Agile\bddgauge\specs\login.spec:7 Dynamic parameter <button> could not be resolved => 'I click on the <button> button' [ParseError] d:\DST2024\Semester 2\Agile\bddgauge\specs\login.spec:15 Dynamic parameter <button> could not be resolved => 'I click on the <button> button']
20-05-2025 23:03:24.470 [Gauge] [DEBUG] Spec file added / modified: d:\DST2024\Semester 2\Agile\bddgauge\specs\login.spec
20-05-2025 23:03:24.479 [Gauge] [DEBUG] Spec file added / modified: d:\DST2024\Semester 2\Agile\bddgauge\specs\login.spec
20-05-2025 23:03:34.436 [Gauge] [DEBUG] Validation started.
20-05-2025 23:03:34.701 [Gauge] [DEBUG] Spec file added / modified: d:\DST2024\Semester 2\Agile\bddgauge\specs\login.spec
20-05-2025 23:03:34.703 [Gauge] [DEBUG] Spec file added / modified: d:\DST2024\Semester 2\Agile\bddgauge\specs\login.spec
20-05-2025 23:03:35.857 [Gauge] [DEBUG] Validation started.
20-05-2025 23:03:35.857 [Gauge] [DEBUG] Validation completed.
20-05-2025 23:03:35.857 [Gauge] [DEBUG] request #466: textDocument/codeLens: failed to parse d:\DST2024\Semester 2\Agile\bddgauge\specs\login.spec
d:\DST2024\Semester 2\Agile\bddgauge\specs\login.spec:7 Dynamic parameter <button> could not be resolved
20-05-2025 23:03:35.965 [Gauge] [DEBUG] request #467: textDocument/documentSymbol: parsing failed for d:\DST2024\Semester 2\Agile\bddgauge\specs\login.spec. [[ParseError] d:\DST2024\Semester 2\Agile\bddgauge\specs\login.spec:7 Dynamic parameter <button> could not be resolved => 'I click on the <button> button']
20-05-2025 23:03:35.965 [Gauge] [DEBUG] request #468: textDocument/documentSymbol: parsing failed for d:\DST2024\Semester 2\Agile\bddgauge\specs\login.spec. [[ParseError] d:\DST2024\Semester 2\Agile\bddgauge\specs\login.spec:7 Dynamic parameter <button> could not be resolved => 'I click on the <button> button']
20-05-2025 23:03:36.108 [Gauge] [DEBUG] Spec file added / modified: d:\DST2024\Semester 2\Agile\bddgauge\specs\login.spec
20-05-2025 23:03:36.109 [Gauge] [DEBUG] Spec file added / modified: d:\DST2024\Semester 2\Agile\bddgauge\specs\login.spec
20-05-2025 23:03:46.587 [Gauge] [DEBUG] request #473: textDocument/codeLens: failed to parse d:\DST2024\Semester 2\Agile\bddgauge\specs\login.spec
d:\DST2024\Semester 2\Agile\bddgauge\specs\login.spec:7 Dynamic parameter <L> could not be resolved
20-05-2025 23:03:46.589 [Gauge] [DEBUG] Validation started.
20-05-2025 23:03:46.589 [Gauge] [DEBUG] Validation completed.
20-05-2025 23:03:46.684 [Gauge] [DEBUG] request #475: textDocument/documentSymbol: parsing failed for d:\DST2024\Semester 2\Agile\bddgauge\specs\login.spec. [[ParseError] d:\DST2024\Semester 2\Agile\bddgauge\specs\login.spec:7 Dynamic parameter <L> could not be resolved => 'I click on the <L> button']
20-05-2025 23:03:46.695 [Gauge] [DEBUG] request #476: textDocument/documentSymbol: parsing failed for d:\DST2024\Semester 2\Agile\bddgauge\specs\login.spec. [[ParseError] d:\DST2024\Semester 2\Agile\bddgauge\specs\login.spec:7 Dynamic parameter <L> could not be resolved => 'I click on the <L> button']
20-05-2025 23:03:47.454 [Gauge] [DEBUG] request #477: textDocument/codeLens: failed to parse d:\DST2024\Semester 2\Agile\bddgauge\specs\login.spec
d:\DST2024\Semester 2\Agile\bddgauge\specs\login.spec:7 Dynamic parameter <Login> could not be resolved
20-05-2025 23:03:47.455 [Gauge] [DEBUG] Validation started.
20-05-2025 23:03:47.455 [Gauge] [DEBUG] Validation completed.
20-05-2025 23:03:47.539 [Gauge] [DEBUG] request #479: textDocument/documentSymbol: parsing failed for d:\DST2024\Semester 2\Agile\bddgauge\specs\login.spec. [[ParseError] d:\DST2024\Semester 2\Agile\bddgauge\specs\login.spec:7 Dynamic parameter <Login> could not be resolved => 'I click on the <Login> button']
20-05-2025 23:03:47.562 [Gauge] [DEBUG] request #480: textDocument/documentSymbol: parsing failed for d:\DST2024\Semester 2\Agile\bddgauge\specs\login.spec. [[ParseError] d:\DST2024\Semester 2\Agile\bddgauge\specs\login.spec:7 Dynamic parameter <Login> could not be resolved => 'I click on the <Login> button']
20-05-2025 23:03:47.705 [Gauge] [DEBUG] Spec file added / modified: d:\DST2024\Semester 2\Agile\bddgauge\specs\login.spec
20-05-2025 23:03:47.714 [Gauge] [DEBUG] Spec file added / modified: d:\DST2024\Semester 2\Agile\bddgauge\specs\login.spec
20-05-2025 23:03:49.509 [Gauge] [DEBUG] request #483: textDocument/definition: Step implementation not found for step : I click on the {} button
20-05-2025 23:03:49.579 [Gauge] [DEBUG] request #489: textDocument/definition: Step implementation not found for step : I click on the {} button
20-05-2025 23:03:50.842 [Gauge] [DEBUG] request #492: textDocument/definition: Step implementation not found for step : I click on the {} button
20-05-2025 23:03:50.863 [Gauge] [DEBUG] request #493: textDocument/definition: Step implementation not found for step : I click on the {} button
20-05-2025 23:03:50.891 [Gauge] [DEBUG] Validation started.
20-05-2025 23:03:50.891 [Gauge] [DEBUG] Validation completed.
20-05-2025 23:03:51.126 [Gauge] [DEBUG] request #497: textDocument/codeLens: failed to parse d:\DST2024\Semester 2\Agile\bddgauge\specs\login.spec
d:\DST2024\Semester 2\Agile\bddgauge\specs\login.spec:7 Dynamic parameter <Login> could not be resolved
d:\DST2024\Semester 2\Agile\bddgauge\specs\login.spec:15 Dynamic parameter <Login> could not be resolved
20-05-2025 23:03:51.227 [Gauge] [DEBUG] request #499: textDocument/documentSymbol: parsing failed for d:\DST2024\Semester 2\Agile\bddgauge\specs\login.spec. [[ParseError] d:\DST2024\Semester 2\Agile\bddgauge\specs\login.spec:7 Dynamic parameter <Login> could not be resolved => 'I click on the <Login> button' [ParseError] d:\DST2024\Semester 2\Agile\bddgauge\specs\login.spec:15 Dynamic parameter <Login> could not be resolved => 'I click on the <Login> button']
20-05-2025 23:03:51.233 [Gauge] [DEBUG] request #500: textDocument/documentSymbol: parsing failed for d:\DST2024\Semester 2\Agile\bddgauge\specs\login.spec. [[ParseError] d:\DST2024\Semester 2\Agile\bddgauge\specs\login.spec:7 Dynamic parameter <Login> could not be resolved => 'I click on the <Login> button' [ParseError] d:\DST2024\Semester 2\Agile\bddgauge\specs\login.spec:15 Dynamic parameter <Login> could not be resolved => 'I click on the <Login> button']
20-05-2025 23:03:51.380 [Gauge] [DEBUG] Spec file added / modified: d:\DST2024\Semester 2\Agile\bddgauge\specs\login.spec
20-05-2025 23:03:51.389 [Gauge] [DEBUG] Spec file added / modified: d:\DST2024\Semester 2\Agile\bddgauge\specs\login.spec
20-05-2025 23:03:53.000 [Gauge] [DEBUG] request #503: textDocument/codeLens: failed to parse d:\DST2024\Semester 2\Agile\bddgauge\specs\login.spec
d:\DST2024\Semester 2\Agile\bddgauge\specs\login.spec:7 Dynamic parameter <Login> could not be resolved
d:\DST2024\Semester 2\Agile\bddgauge\specs\login.spec:15 Dynamic parameter <Login> could not be resolved
d:\DST2024\Semester 2\Agile\bddgauge\specs\login.spec:22 Dynamic parameter <Login> could not be resolved
20-05-2025 23:03:53.001 [Gauge] [DEBUG] Validation started.
20-05-2025 23:03:53.001 [Gauge] [DEBUG] Validation completed.
20-05-2025 23:03:53.104 [Gauge] [DEBUG] request #505: textDocument/documentSymbol: parsing failed for d:\DST2024\Semester 2\Agile\bddgauge\specs\login.spec. [[ParseError] d:\DST2024\Semester 2\Agile\bddgauge\specs\login.spec:7 Dynamic parameter <Login> could not be resolved => 'I click on the <Login> button' [ParseError] d:\DST2024\Semester 2\Agile\bddgauge\specs\login.spec:15 Dynamic parameter <Login> could not be resolved => 'I click on the <Login> button' [ParseError] d:\DST2024\Semester 2\Agile\bddgauge\specs\login.spec:22 Dynamic parameter <Login> could not be resolved => 'I click on the <Login> button']
20-05-2025 23:03:53.105 [Gauge] [DEBUG] request #506: textDocument/documentSymbol: parsing failed for d:\DST2024\Semester 2\Agile\bddgauge\specs\login.spec. [[ParseError] d:\DST2024\Semester 2\Agile\bddgauge\specs\login.spec:7 Dynamic parameter <Login> could not be resolved => 'I click on the <Login> button' [ParseError] d:\DST2024\Semester 2\Agile\bddgauge\specs\login.spec:15 Dynamic parameter <Login> could not be resolved => 'I click on the <Login> button' [ParseError] d:\DST2024\Semester 2\Agile\bddgauge\specs\login.spec:22 Dynamic parameter <Login> could not be resolved => 'I click on the <Login> button']
20-05-2025 23:03:53.252 [Gauge] [DEBUG] Spec file added / modified: d:\DST2024\Semester 2\Agile\bddgauge\specs\login.spec
20-05-2025 23:03:53.262 [Gauge] [DEBUG] Spec file added / modified: d:\DST2024\Semester 2\Agile\bddgauge\specs\login.spec
20-05-2025 23:03:53.891 [Gauge] [DEBUG] request #509: textDocument/definition: Step implementation not found for step : I click on the {} button
20-05-2025 23:03:56.106 [Gauge] [DEBUG] Validation started.
20-05-2025 23:03:56.106 [Gauge] [DEBUG] Validation completed.
20-05-2025 23:03:57.430 [Gauge] [DEBUG] Validation started.
20-05-2025 23:03:57.430 [Gauge] [DEBUG] Validation completed.
20-05-2025 23:04:01.350 [Gauge] [DEBUG] Validation started.
20-05-2025 23:04:01.350 [Gauge] [DEBUG] Validation completed.
20-05-2025 23:04:02.307 [Gauge] [DEBUG] Validation started.
20-05-2025 23:04:02.307 [Gauge] [DEBUG] Validation completed.
20-05-2025 23:04:04.073 [Gauge] [DEBUG] Validation started.
20-05-2025 23:04:04.073 [Gauge] [DEBUG] Validation completed.
20-05-2025 23:04:07.636 [Gauge] [DEBUG] request #519: textDocument/codeLens: failed to parse d:\DST2024\Semester 2\Agile\bddgauge\specs\login.spec
d:\DST2024\Semester 2\Agile\bddgauge\specs\login.spec:7 Dynamic parameter <Login> could not be resolved
d:\DST2024\Semester 2\Agile\bddgauge\specs\login.spec:15 Dynamic parameter <Login> could not be resolved
d:\DST2024\Semester 2\Agile\bddgauge\specs\login.spec:22 Dynamic parameter <Login> could not be resolved
20-05-2025 23:04:07.651 [Gauge] [DEBUG] request #520: textDocument/documentSymbol: parsing failed for d:\DST2024\Semester 2\Agile\bddgauge\specs\login.spec. [[ParseError] d:\DST2024\Semester 2\Agile\bddgauge\specs\login.spec:7 Dynamic parameter <Login> could not be resolved => 'I click on the <Login> button' [ParseError] d:\DST2024\Semester 2\Agile\bddgauge\specs\login.spec:15 Dynamic parameter <Login> could not be resolved => 'I click on the <Login> button' [ParseError] d:\DST2024\Semester 2\Agile\bddgauge\specs\login.spec:22 Dynamic parameter <Login> could not be resolved => 'I click on the <Login> button']
20-05-2025 23:05:52.824 [Gauge] [DEBUG] request #526: textDocument/documentSymbol: parsing failed for d:\DST2024\Semester 2\Agile\bddgauge\specs\login.spec. [[ParseError] d:\DST2024\Semester 2\Agile\bddgauge\specs\login.spec:7 Dynamic parameter <Login> could not be resolved => 'I click on the <Login> button' [ParseError] d:\DST2024\Semester 2\Agile\bddgauge\specs\login.spec:15 Dynamic parameter <Login> could not be resolved => 'I click on the <Login> button' [ParseError] d:\DST2024\Semester 2\Agile\bddgauge\specs\login.spec:22 Dynamic parameter <Login> could not be resolved => 'I click on the <Login> button']
20-05-2025 23:05:52.829 [Gauge] [DEBUG] request #527: textDocument/codeLens: failed to parse d:\DST2024\Semester 2\Agile\bddgauge\specs\login.spec
d:\DST2024\Semester 2\Agile\bddgauge\specs\login.spec:7 Dynamic parameter <Login> could not be resolved
d:\DST2024\Semester 2\Agile\bddgauge\specs\login.spec:15 Dynamic parameter <Login> could not be resolved
d:\DST2024\Semester 2\Agile\bddgauge\specs\login.spec:22 Dynamic parameter <Login> could not be resolved
20-05-2025 23:05:55.822 [Gauge] [DEBUG] request #529: textDocument/codeLens: failed to parse d:\DST2024\Semester 2\Agile\bddgauge\specs\login.spec
d:\DST2024\Semester 2\Agile\bddgauge\specs\login.spec:7 Dynamic parameter <Login> could not be resolved
d:\DST2024\Semester 2\Agile\bddgauge\specs\login.spec:15 Dynamic parameter <Login> could not be resolved
20-05-2025 23:05:55.823 [Gauge] [DEBUG] Validation started.
20-05-2025 23:05:55.823 [Gauge] [DEBUG] Validation completed.
20-05-2025 23:05:55.930 [Gauge] [DEBUG] request #531: textDocument/documentSymbol: parsing failed for d:\DST2024\Semester 2\Agile\bddgauge\specs\login.spec. [[ParseError] d:\DST2024\Semester 2\Agile\bddgauge\specs\login.spec:7 Dynamic parameter <Login> could not be resolved => 'I click on the <Login> button' [ParseError] d:\DST2024\Semester 2\Agile\bddgauge\specs\login.spec:15 Dynamic parameter <Login> could not be resolved => 'I click on the <Login> button']
20-05-2025 23:05:55.931 [Gauge] [DEBUG] request #532: textDocument/documentSymbol: parsing failed for d:\DST2024\Semester 2\Agile\bddgauge\specs\login.spec. [[ParseError] d:\DST2024\Semester 2\Agile\bddgauge\specs\login.spec:7 Dynamic parameter <Login> could not be resolved => 'I click on the <Login> button' [ParseError] d:\DST2024\Semester 2\Agile\bddgauge\specs\login.spec:15 Dynamic parameter <Login> could not be resolved => 'I click on the <Login> button']
20-05-2025 23:05:56.226 [Gauge] [DEBUG] request #533: textDocument/codeLens: failed to parse d:\DST2024\Semester 2\Agile\bddgauge\specs\login.spec
d:\DST2024\Semester 2\Agile\bddgauge\specs\login.spec:7 Dynamic parameter <Login> could not be resolved
20-05-2025 23:05:56.227 [Gauge] [DEBUG] Validation started.
20-05-2025 23:05:56.227 [Gauge] [DEBUG] Validation completed.
20-05-2025 23:05:56.319 [Gauge] [DEBUG] request #535: textDocument/documentSymbol: parsing failed for d:\DST2024\Semester 2\Agile\bddgauge\specs\login.spec. [[ParseError] d:\DST2024\Semester 2\Agile\bddgauge\specs\login.spec:7 Dynamic parameter <Login> could not be resolved => 'I click on the <Login> button']
20-05-2025 23:05:56.335 [Gauge] [DEBUG] request #536: textDocument/documentSymbol: parsing failed for d:\DST2024\Semester 2\Agile\bddgauge\specs\login.spec. [[ParseError] d:\DST2024\Semester 2\Agile\bddgauge\specs\login.spec:7 Dynamic parameter <Login> could not be resolved => 'I click on the <Login> button']
20-05-2025 23:05:56.478 [Gauge] [DEBUG] Spec file added / modified: d:\DST2024\Semester 2\Agile\bddgauge\specs\login.spec
20-05-2025 23:05:56.481 [Gauge] [DEBUG] Spec file added / modified: d:\DST2024\Semester 2\Agile\bddgauge\specs\login.spec
20-05-2025 23:05:56.830 [Gauge] [DEBUG] request #538: textDocument/codeLens: failed to parse d:\DST2024\Semester 2\Agile\bddgauge\specs\login.spec
d:\DST2024\Semester 2\Agile\bddgauge\specs\login.spec:7 Dynamic parameter <button> could not be resolved
20-05-2025 23:05:56.832 [Gauge] [DEBUG] Validation started.
20-05-2025 23:05:56.832 [Gauge] [DEBUG] Validation completed.
20-05-2025 23:05:56.924 [Gauge] [DEBUG] request #540: textDocument/documentSymbol: parsing failed for d:\DST2024\Semester 2\Agile\bddgauge\specs\login.spec. [[ParseError] d:\DST2024\Semester 2\Agile\bddgauge\specs\login.spec:7 Dynamic parameter <button> could not be resolved => 'I click on the <button> button']
20-05-2025 23:05:56.939 [Gauge] [DEBUG] request #541: textDocument/documentSymbol: parsing failed for d:\DST2024\Semester 2\Agile\bddgauge\specs\login.spec. [[ParseError] d:\DST2024\Semester 2\Agile\bddgauge\specs\login.spec:7 Dynamic parameter <button> could not be resolved => 'I click on the <button> button']
20-05-2025 23:05:57.082 [Gauge] [DEBUG] Spec file added / modified: d:\DST2024\Semester 2\Agile\bddgauge\specs\login.spec
20-05-2025 23:05:57.084 [Gauge] [DEBUG] Spec file added / modified: d:\DST2024\Semester 2\Agile\bddgauge\specs\login.spec
20-05-2025 23:05:57.686 [Gauge] [DEBUG] Validation started.
20-05-2025 23:05:57.690 [Gauge] [DEBUG] Validation completed.
20-05-2025 23:05:57.921 [Gauge] [DEBUG] Spec file added / modified: d:\DST2024\Semester 2\Agile\bddgauge\specs\login.spec
20-05-2025 23:05:57.922 [Gauge] [DEBUG] Spec file added / modified: d:\DST2024\Semester 2\Agile\bddgauge\specs\login.spec
20-05-2025 23:07:36.943 [Gauge] [DEBUG] Validation started.
20-05-2025 23:07:36.948 [Gauge] [DEBUG] Validation completed.
20-05-2025 23:07:38.098 [Gauge] [DEBUG] Validation started.
20-05-2025 23:07:38.103 [Gauge] [DEBUG] Validation completed.
22-05-2025 23:21:23.891 [Gauge] [DEBUG] Validation started.
22-05-2025 23:21:24.094 [Gauge] [DEBUG] Validation completed.
23-05-2025 00:30:39.751 [Gauge] [DEBUG] Validation started.
23-05-2025 00:30:39.764 [Gauge] [DEBUG] Validation completed.
23-05-2025 00:30:40.232 [Gauge] [DEBUG] Validation started.
23-05-2025 00:30:40.240 [Gauge] [DEBUG] Validation completed.
23-05-2025 00:30:41.655 [Gauge] [DEBUG] Validation started.
23-05-2025 00:30:41.674 [Gauge] [DEBUG] Validation completed.
23-05-2025 00:30:45.253 [Gauge] [DEBUG] Validation started.
23-05-2025 00:30:45.268 [Gauge] [DEBUG] Validation completed.
23-05-2025 00:30:47.524 [Gauge] [DEBUG] Validation started.
23-05-2025 00:30:47.538 [Gauge] [DEBUG] Validation completed.
23-05-2025 00:50:37.140 [Gauge] [DEBUG] Validation started.
23-05-2025 00:50:37.829 [Gauge] [DEBUG] Validation started.
23-05-2025 00:56:43.345 [Gauge] [DEBUG] Validation started.
23-05-2025 00:56:43.350 [Gauge] [DEBUG] Validation completed.
23-05-2025 01:19:00.441 [java] [DEBUG] Killing Java runner...
23-05-2025 01:19:00.442 [java] [DEBUG] Stopping execution pool...
23-05-2025 01:19:00.442 [java] [DEBUG] Shutting down grpc server...
